ARM GAS  C:\Users\jisu8\AppData\Local\Temp\ccpLCWkk.s 			page 1


   1              		.cpu cortex-m7
   2              		.arch armv7e-m
   3              		.fpu fpv5-d16
   4              		.eabi_attribute 28, 1
   5              		.eabi_attribute 20, 1
   6              		.eabi_attribute 21, 1
   7              		.eabi_attribute 23, 3
   8              		.eabi_attribute 24, 1
   9              		.eabi_attribute 25, 1
  10              		.eabi_attribute 26, 1
  11              		.eabi_attribute 30, 1
  12              		.eabi_attribute 34, 1
  13              		.eabi_attribute 18, 4
  14              		.file	"can.c"
  15              		.text
  16              	.Ltext0:
  17              		.cfi_sections	.debug_frame
  18              		.section	.text.Can_Init,"ax",%progbits
  19              		.align	1
  20              		.global	Can_Init
  21              		.syntax unified
  22              		.thumb
  23              		.thumb_func
  25              	Can_Init:
  26              	.LFB333:
  27              		.file 1 "Core/Src/can.c"
   1:Core/Src/can.c **** #include "main.h"
   2:Core/Src/can.c **** #include "can.h"
   3:Core/Src/can.c **** 
   4:Core/Src/can.c **** uint8 Tx_Buffer[8] = {0x11,0x22,0x33,0x44,0x55,0x66,0x77,0x88};
   5:Core/Src/can.c **** uint8 Tx_length = 8u;
   6:Core/Src/can.c **** FDCAN_TxHeaderTypeDef CAN1;
   7:Core/Src/can.c **** FDCAN_TxHeaderTypeDef CAN2;
   8:Core/Src/can.c **** uint8 CAN1_Start_status;
   9:Core/Src/can.c **** uint8 CAN2_Start_status;
  10:Core/Src/can.c **** uint8 CAN1_Tx_status;
  11:Core/Src/can.c **** uint8 CAN2_Tx_status;
  12:Core/Src/can.c **** 
  13:Core/Src/can.c **** void Can_Init(void)
  14:Core/Src/can.c **** {
  28              		.loc 1 14 1 view -0
  29              		.cfi_startproc
  30              		@ args = 0, pretend = 0, frame = 0
  31              		@ frame_needed = 0, uses_anonymous_args = 0
  32 0000 08B5     		push	{r3, lr}
  33              	.LCFI0:
  34              		.cfi_def_cfa_offset 8
  35              		.cfi_offset 3, -8
  36              		.cfi_offset 14, -4
  15:Core/Src/can.c ****     CAN1_Start_status = HAL_FDCAN_Start(&hfdcan1);
  37              		.loc 1 15 5 view .LVU1
  38              		.loc 1 15 25 is_stmt 0 view .LVU2
  39 0002 0548     		ldr	r0, .L3
  40 0004 FFF7FEFF 		bl	HAL_FDCAN_Start
  41              	.LVL0:
  42              		.loc 1 15 23 view .LVU3
  43 0008 044B     		ldr	r3, .L3+4
ARM GAS  C:\Users\jisu8\AppData\Local\Temp\ccpLCWkk.s 			page 2


  44 000a 1870     		strb	r0, [r3]
  16:Core/Src/can.c ****     CAN2_Start_status = HAL_FDCAN_Start(&hfdcan2);
  45              		.loc 1 16 5 is_stmt 1 view .LVU4
  46              		.loc 1 16 25 is_stmt 0 view .LVU5
  47 000c 0448     		ldr	r0, .L3+8
  48 000e FFF7FEFF 		bl	HAL_FDCAN_Start
  49              	.LVL1:
  50              		.loc 1 16 23 view .LVU6
  51 0012 044B     		ldr	r3, .L3+12
  52 0014 1870     		strb	r0, [r3]
  17:Core/Src/can.c ****     return;
  53              		.loc 1 17 5 is_stmt 1 view .LVU7
  18:Core/Src/can.c **** }
  54              		.loc 1 18 1 is_stmt 0 view .LVU8
  55 0016 08BD     		pop	{r3, pc}
  56              	.L4:
  57              		.align	2
  58              	.L3:
  59 0018 00000000 		.word	hfdcan1
  60 001c 00000000 		.word	.LANCHOR0
  61 0020 00000000 		.word	hfdcan2
  62 0024 00000000 		.word	.LANCHOR1
  63              		.cfi_endproc
  64              	.LFE333:
  66              		.section	.text.Can_Transmit,"ax",%progbits
  67              		.align	1
  68              		.global	Can_Transmit
  69              		.syntax unified
  70              		.thumb
  71              		.thumb_func
  73              	Can_Transmit:
  74              	.LFB334:
  19:Core/Src/can.c **** 
  20:Core/Src/can.c **** void Can_Transmit(void)
  21:Core/Src/can.c **** {
  75              		.loc 1 21 1 is_stmt 1 view -0
  76              		.cfi_startproc
  77              		@ args = 0, pretend = 0, frame = 0
  78              		@ frame_needed = 0, uses_anonymous_args = 0
  79 0000 F8B5     		push	{r3, r4, r5, r6, r7, lr}
  80              	.LCFI1:
  81              		.cfi_def_cfa_offset 24
  82              		.cfi_offset 3, -24
  83              		.cfi_offset 4, -20
  84              		.cfi_offset 5, -16
  85              		.cfi_offset 6, -12
  86              		.cfi_offset 7, -8
  87              		.cfi_offset 14, -4
  22:Core/Src/can.c ****     CAN1.Identifier=0xAAA;
  88              		.loc 1 22 5 view .LVU10
  89              		.loc 1 22 20 is_stmt 0 view .LVU11
  90 0002 1349     		ldr	r1, .L7
  91 0004 40F6AA27 		movw	r7, #2730
  92 0008 0F60     		str	r7, [r1]
  23:Core/Src/can.c ****     CAN1.IdType=FDCAN_STANDARD_ID;
  93              		.loc 1 23 5 is_stmt 1 view .LVU12
  94              		.loc 1 23 16 is_stmt 0 view .LVU13
ARM GAS  C:\Users\jisu8\AppData\Local\Temp\ccpLCWkk.s 			page 3


  95 000a 0024     		movs	r4, #0
  96 000c 4C60     		str	r4, [r1, #4]
  24:Core/Src/can.c ****     CAN1.TxFrameType=FDCAN_DATA_FRAME;
  97              		.loc 1 24 5 is_stmt 1 view .LVU14
  98              		.loc 1 24 21 is_stmt 0 view .LVU15
  99 000e 8C60     		str	r4, [r1, #8]
  25:Core/Src/can.c ****     CAN1.DataLength=FDCAN_DLC_BYTES_8;
 100              		.loc 1 25 5 is_stmt 1 view .LVU16
 101              		.loc 1 25 20 is_stmt 0 view .LVU17
 102 0010 4FF40026 		mov	r6, #524288
 103 0014 CE60     		str	r6, [r1, #12]
  26:Core/Src/can.c ****     CAN1.ErrorStateIndicator=FDCAN_ESI_ACTIVE;
 104              		.loc 1 26 5 is_stmt 1 view .LVU18
 105              		.loc 1 26 29 is_stmt 0 view .LVU19
 106 0016 0C61     		str	r4, [r1, #16]
  27:Core/Src/can.c ****     CAN1.BitRateSwitch=FDCAN_BRS_OFF;
 107              		.loc 1 27 5 is_stmt 1 view .LVU20
 108              		.loc 1 27 23 is_stmt 0 view .LVU21
 109 0018 4C61     		str	r4, [r1, #20]
  28:Core/Src/can.c ****     CAN1.FDFormat=FDCAN_CLASSIC_CAN;
 110              		.loc 1 28 5 is_stmt 1 view .LVU22
 111              		.loc 1 28 18 is_stmt 0 view .LVU23
 112 001a 8C61     		str	r4, [r1, #24]
  29:Core/Src/can.c ****     CAN1.TxEventFifoControl=FDCAN_NO_TX_EVENTS;
 113              		.loc 1 29 5 is_stmt 1 view .LVU24
 114              		.loc 1 29 28 is_stmt 0 view .LVU25
 115 001c CC61     		str	r4, [r1, #28]
  30:Core/Src/can.c ****     CAN1.MessageMarker=0;
 116              		.loc 1 30 5 is_stmt 1 view .LVU26
 117              		.loc 1 30 23 is_stmt 0 view .LVU27
 118 001e 0C62     		str	r4, [r1, #32]
  31:Core/Src/can.c ****     CAN1_Tx_status = HAL_FDCAN_AddMessageToTxFifoQ(&hfdcan1,&CAN1,Tx_Buffer);    
 119              		.loc 1 31 5 is_stmt 1 view .LVU28
 120              		.loc 1 31 22 is_stmt 0 view .LVU29
 121 0020 0C4D     		ldr	r5, .L7+4
 122 0022 2A46     		mov	r2, r5
 123 0024 0C48     		ldr	r0, .L7+8
 124 0026 FFF7FEFF 		bl	HAL_FDCAN_AddMessageToTxFifoQ
 125              	.LVL2:
 126              		.loc 1 31 20 view .LVU30
 127 002a 0C4B     		ldr	r3, .L7+12
 128 002c 1870     		strb	r0, [r3]
  32:Core/Src/can.c ****     CAN2.Identifier=0xAAA;
 129              		.loc 1 32 5 is_stmt 1 view .LVU31
 130              		.loc 1 32 20 is_stmt 0 view .LVU32
 131 002e 0C49     		ldr	r1, .L7+16
 132 0030 0F60     		str	r7, [r1]
  33:Core/Src/can.c ****     CAN2.IdType=FDCAN_STANDARD_ID;
 133              		.loc 1 33 5 is_stmt 1 view .LVU33
 134              		.loc 1 33 16 is_stmt 0 view .LVU34
 135 0032 4C60     		str	r4, [r1, #4]
  34:Core/Src/can.c ****     CAN2.TxFrameType=FDCAN_DATA_FRAME;
 136              		.loc 1 34 5 is_stmt 1 view .LVU35
 137              		.loc 1 34 21 is_stmt 0 view .LVU36
 138 0034 8C60     		str	r4, [r1, #8]
  35:Core/Src/can.c ****     CAN2.DataLength=FDCAN_DLC_BYTES_8;
 139              		.loc 1 35 5 is_stmt 1 view .LVU37
ARM GAS  C:\Users\jisu8\AppData\Local\Temp\ccpLCWkk.s 			page 4


 140              		.loc 1 35 20 is_stmt 0 view .LVU38
 141 0036 CE60     		str	r6, [r1, #12]
  36:Core/Src/can.c ****     CAN2.ErrorStateIndicator=FDCAN_ESI_ACTIVE;
 142              		.loc 1 36 5 is_stmt 1 view .LVU39
 143              		.loc 1 36 29 is_stmt 0 view .LVU40
 144 0038 0C61     		str	r4, [r1, #16]
  37:Core/Src/can.c ****     CAN2.BitRateSwitch=FDCAN_BRS_OFF;
 145              		.loc 1 37 5 is_stmt 1 view .LVU41
 146              		.loc 1 37 23 is_stmt 0 view .LVU42
 147 003a 4C61     		str	r4, [r1, #20]
  38:Core/Src/can.c ****     CAN2.FDFormat=FDCAN_CLASSIC_CAN;
 148              		.loc 1 38 5 is_stmt 1 view .LVU43
 149              		.loc 1 38 18 is_stmt 0 view .LVU44
 150 003c 8C61     		str	r4, [r1, #24]
  39:Core/Src/can.c ****     CAN2.TxEventFifoControl=FDCAN_NO_TX_EVENTS;
 151              		.loc 1 39 5 is_stmt 1 view .LVU45
 152              		.loc 1 39 28 is_stmt 0 view .LVU46
 153 003e CC61     		str	r4, [r1, #28]
  40:Core/Src/can.c ****     CAN2.MessageMarker=0;
 154              		.loc 1 40 5 is_stmt 1 view .LVU47
 155              		.loc 1 40 23 is_stmt 0 view .LVU48
 156 0040 0C62     		str	r4, [r1, #32]
  41:Core/Src/can.c ****     CAN2_Tx_status = HAL_FDCAN_AddMessageToTxFifoQ(&hfdcan2,&CAN2,Tx_Buffer);
 157              		.loc 1 41 5 is_stmt 1 view .LVU49
 158              		.loc 1 41 22 is_stmt 0 view .LVU50
 159 0042 2A46     		mov	r2, r5
 160 0044 0748     		ldr	r0, .L7+20
 161 0046 FFF7FEFF 		bl	HAL_FDCAN_AddMessageToTxFifoQ
 162              	.LVL3:
 163              		.loc 1 41 20 view .LVU51
 164 004a 074B     		ldr	r3, .L7+24
 165 004c 1870     		strb	r0, [r3]
  42:Core/Src/can.c ****     return;
 166              		.loc 1 42 5 is_stmt 1 view .LVU52
  43:Core/Src/can.c **** }...
 167              		.loc 1 43 1 is_stmt 0 view .LVU53
 168 004e F8BD     		pop	{r3, r4, r5, r6, r7, pc}
 169              	.L8:
 170              		.align	2
 171              	.L7:
 172 0050 00000000 		.word	.LANCHOR2
 173 0054 00000000 		.word	.LANCHOR3
 174 0058 00000000 		.word	hfdcan1
 175 005c 00000000 		.word	.LANCHOR4
 176 0060 00000000 		.word	.LANCHOR5
 177 0064 00000000 		.word	hfdcan2
 178 0068 00000000 		.word	.LANCHOR6
 179              		.cfi_endproc
 180              	.LFE334:
 182              		.global	CAN2_Tx_status
 183              		.global	CAN1_Tx_status
 184              		.global	CAN2_Start_status
 185              		.global	CAN1_Start_status
 186              		.global	CAN2
 187              		.global	CAN1
 188              		.global	Tx_length
 189              		.global	Tx_Buffer
ARM GAS  C:\Users\jisu8\AppData\Local\Temp\ccpLCWkk.s 			page 5


 190              		.section	.bss.CAN1,"aw",%nobits
 191              		.align	2
 192              		.set	.LANCHOR2,. + 0
 195              	CAN1:
 196 0000 00000000 		.space	36
 196      00000000 
 196      00000000 
 196      00000000 
 196      00000000 
 197              		.section	.bss.CAN1_Start_status,"aw",%nobits
 198              		.set	.LANCHOR0,. + 0
 201              	CAN1_Start_status:
 202 0000 00       		.space	1
 203              		.section	.bss.CAN1_Tx_status,"aw",%nobits
 204              		.set	.LANCHOR4,. + 0
 207              	CAN1_Tx_status:
 208 0000 00       		.space	1
 209              		.section	.bss.CAN2,"aw",%nobits
 210              		.align	2
 211              		.set	.LANCHOR5,. + 0
 214              	CAN2:
 215 0000 00000000 		.space	36
 215      00000000 
 215      00000000 
 215      00000000 
 215      00000000 
 216              		.section	.bss.CAN2_Start_status,"aw",%nobits
 217              		.set	.LANCHOR1,. + 0
 220              	CAN2_Start_status:
 221 0000 00       		.space	1
 222              		.section	.bss.CAN2_Tx_status,"aw",%nobits
 223              		.set	.LANCHOR6,. + 0
 226              	CAN2_Tx_status:
 227 0000 00       		.space	1
 228              		.section	.data.Tx_Buffer,"aw"
 229              		.align	2
 230              		.set	.LANCHOR3,. + 0
 233              	Tx_Buffer:
 234 0000 11223344 		.ascii	"\021\"3DUfw\210"
 234      55667788 
 235              		.section	.data.Tx_length,"aw"
 238              	Tx_length:
 239 0000 08       		.byte	8
 240              		.text
 241              	.Letext0:
 242              		.file 2 "d:\\3.tools\\arm_gcc_toolchain\\arm-none-eabi\\include\\machine\\_default_types.h"
 243              		.file 3 "d:\\3.tools\\arm_gcc_toolchain\\arm-none-eabi\\include\\sys\\_stdint.h"
 244              		.file 4 "Drivers/CMSIS/Device/ST/STM32H7xx/Include/stm32h743xx.h"
 245              		.file 5 "Drivers/CMSIS/Device/ST/STM32H7xx/Include/stm32h7xx.h"
 246              		.file 6 "Drivers/STM32H7xx_HAL_Driver/Inc/stm32h7xx_hal_def.h"
 247              		.file 7 "Drivers/STM32H7xx_HAL_Driver/Inc/stm32h7xx_hal_fdcan.h"
 248              		.file 8 "Core/Inc/vardef.h"
 249              		.file 9 "Core/Inc/main.h"
ARM GAS  C:\Users\jisu8\AppData\Local\Temp\ccpLCWkk.s 			page 6


DEFINED SYMBOLS
                            *ABS*:00000000 can.c
C:\Users\jisu8\AppData\Local\Temp\ccpLCWkk.s:19     .text.Can_Init:00000000 $t
C:\Users\jisu8\AppData\Local\Temp\ccpLCWkk.s:25     .text.Can_Init:00000000 Can_Init
C:\Users\jisu8\AppData\Local\Temp\ccpLCWkk.s:59     .text.Can_Init:00000018 $d
C:\Users\jisu8\AppData\Local\Temp\ccpLCWkk.s:67     .text.Can_Transmit:00000000 $t
C:\Users\jisu8\AppData\Local\Temp\ccpLCWkk.s:73     .text.Can_Transmit:00000000 Can_Transmit
C:\Users\jisu8\AppData\Local\Temp\ccpLCWkk.s:172    .text.Can_Transmit:00000050 $d
C:\Users\jisu8\AppData\Local\Temp\ccpLCWkk.s:226    .bss.CAN2_Tx_status:00000000 CAN2_Tx_status
C:\Users\jisu8\AppData\Local\Temp\ccpLCWkk.s:207    .bss.CAN1_Tx_status:00000000 CAN1_Tx_status
C:\Users\jisu8\AppData\Local\Temp\ccpLCWkk.s:220    .bss.CAN2_Start_status:00000000 CAN2_Start_status
C:\Users\jisu8\AppData\Local\Temp\ccpLCWkk.s:201    .bss.CAN1_Start_status:00000000 CAN1_Start_status
C:\Users\jisu8\AppData\Local\Temp\ccpLCWkk.s:214    .bss.CAN2:00000000 CAN2
C:\Users\jisu8\AppData\Local\Temp\ccpLCWkk.s:195    .bss.CAN1:00000000 CAN1
C:\Users\jisu8\AppData\Local\Temp\ccpLCWkk.s:238    .data.Tx_length:00000000 Tx_length
C:\Users\jisu8\AppData\Local\Temp\ccpLCWkk.s:233    .data.Tx_Buffer:00000000 Tx_Buffer
C:\Users\jisu8\AppData\Local\Temp\ccpLCWkk.s:191    .bss.CAN1:00000000 $d
C:\Users\jisu8\AppData\Local\Temp\ccpLCWkk.s:202    .bss.CAN1_Start_status:00000000 $d
C:\Users\jisu8\AppData\Local\Temp\ccpLCWkk.s:208    .bss.CAN1_Tx_status:00000000 $d
C:\Users\jisu8\AppData\Local\Temp\ccpLCWkk.s:210    .bss.CAN2:00000000 $d
C:\Users\jisu8\AppData\Local\Temp\ccpLCWkk.s:221    .bss.CAN2_Start_status:00000000 $d
C:\Users\jisu8\AppData\Local\Temp\ccpLCWkk.s:227    .bss.CAN2_Tx_status:00000000 $d
C:\Users\jisu8\AppData\Local\Temp\ccpLCWkk.s:229    .data.Tx_Buffer:00000000 $d

UNDEFINED SYMBOLS
HAL_FDCAN_Start
hfdcan1
hfdcan2
HAL_FDCAN_AddMessageToTxFifoQ
