ARM GAS  C:\Users\jisu8\AppData\Local\Temp\ccHxEM0h.s 			page 1


   1              		.cpu cortex-m7
   2              		.arch armv7e-m
   3              		.fpu fpv5-d16
   4              		.eabi_attribute 28, 1
   5              		.eabi_attribute 20, 1
   6              		.eabi_attribute 21, 1
   7              		.eabi_attribute 23, 3
   8              		.eabi_attribute 24, 1
   9              		.eabi_attribute 25, 1
  10              		.eabi_attribute 26, 1
  11              		.eabi_attribute 30, 1
  12              		.eabi_attribute 34, 1
  13              		.eabi_attribute 18, 4
  14              		.file	"stm32h7xx_it.c"
  15              		.text
  16              	.Ltext0:
  17              		.cfi_sections	.debug_frame
  18              		.section	.text.NMI_Handler,"ax",%progbits
  19              		.align	1
  20              		.global	NMI_Handler
  21              		.syntax unified
  22              		.thumb
  23              		.thumb_func
  25              	NMI_Handler:
  26              	.LFB333:
  27              		.file 1 "Core/Src/stm32h7xx_it.c"
   1:Core/Src/stm32h7xx_it.c **** /* USER CODE BEGIN Header */
   2:Core/Src/stm32h7xx_it.c **** /**
   3:Core/Src/stm32h7xx_it.c ****   ******************************************************************************
   4:Core/Src/stm32h7xx_it.c ****   * @file    stm32h7xx_it.c
   5:Core/Src/stm32h7xx_it.c ****   * @brief   Interrupt Service Routines.
   6:Core/Src/stm32h7xx_it.c ****   ******************************************************************************
   7:Core/Src/stm32h7xx_it.c ****   * @attention
   8:Core/Src/stm32h7xx_it.c ****   *
   9:Core/Src/stm32h7xx_it.c ****   * Copyright (c) 2022 STMicroelectronics.
  10:Core/Src/stm32h7xx_it.c ****   * All rights reserved.
  11:Core/Src/stm32h7xx_it.c ****   *
  12:Core/Src/stm32h7xx_it.c ****   * This software is licensed under terms that can be found in the LICENSE file
  13:Core/Src/stm32h7xx_it.c ****   * in the root directory of this software component.
  14:Core/Src/stm32h7xx_it.c ****   * If no LICENSE file comes with this software, it is provided AS-IS.
  15:Core/Src/stm32h7xx_it.c ****   *
  16:Core/Src/stm32h7xx_it.c ****   ******************************************************************************
  17:Core/Src/stm32h7xx_it.c ****   */
  18:Core/Src/stm32h7xx_it.c **** /* USER CODE END Header */
  19:Core/Src/stm32h7xx_it.c **** 
  20:Core/Src/stm32h7xx_it.c **** /* Includes ------------------------------------------------------------------*/
  21:Core/Src/stm32h7xx_it.c **** #include "main.h"
  22:Core/Src/stm32h7xx_it.c **** #include "stm32h7xx_it.h"
  23:Core/Src/stm32h7xx_it.c **** /* Private includes ----------------------------------------------------------*/
  24:Core/Src/stm32h7xx_it.c **** /* USER CODE BEGIN Includes */
  25:Core/Src/stm32h7xx_it.c **** /* USER CODE END Includes */
  26:Core/Src/stm32h7xx_it.c **** 
  27:Core/Src/stm32h7xx_it.c **** /* Private typedef -----------------------------------------------------------*/
  28:Core/Src/stm32h7xx_it.c **** /* USER CODE BEGIN TD */
  29:Core/Src/stm32h7xx_it.c **** 
  30:Core/Src/stm32h7xx_it.c **** /* USER CODE END TD */
  31:Core/Src/stm32h7xx_it.c **** 
ARM GAS  C:\Users\jisu8\AppData\Local\Temp\ccHxEM0h.s 			page 2


  32:Core/Src/stm32h7xx_it.c **** /* Private define ------------------------------------------------------------*/
  33:Core/Src/stm32h7xx_it.c **** /* USER CODE BEGIN PD */
  34:Core/Src/stm32h7xx_it.c **** 
  35:Core/Src/stm32h7xx_it.c **** /* USER CODE END PD */
  36:Core/Src/stm32h7xx_it.c **** 
  37:Core/Src/stm32h7xx_it.c **** /* Private macro -------------------------------------------------------------*/
  38:Core/Src/stm32h7xx_it.c **** /* USER CODE BEGIN PM */
  39:Core/Src/stm32h7xx_it.c **** 
  40:Core/Src/stm32h7xx_it.c **** /* USER CODE END PM */
  41:Core/Src/stm32h7xx_it.c **** 
  42:Core/Src/stm32h7xx_it.c **** /* Private variables ---------------------------------------------------------*/
  43:Core/Src/stm32h7xx_it.c **** /* USER CODE BEGIN PV */
  44:Core/Src/stm32h7xx_it.c **** 
  45:Core/Src/stm32h7xx_it.c **** /* USER CODE END PV */
  46:Core/Src/stm32h7xx_it.c **** 
  47:Core/Src/stm32h7xx_it.c **** /* Private function prototypes -----------------------------------------------*/
  48:Core/Src/stm32h7xx_it.c **** /* USER CODE BEGIN PFP */
  49:Core/Src/stm32h7xx_it.c **** 
  50:Core/Src/stm32h7xx_it.c **** /* USER CODE END PFP */
  51:Core/Src/stm32h7xx_it.c **** 
  52:Core/Src/stm32h7xx_it.c **** /* Private user code ---------------------------------------------------------*/
  53:Core/Src/stm32h7xx_it.c **** /* USER CODE BEGIN 0 */
  54:Core/Src/stm32h7xx_it.c **** 
  55:Core/Src/stm32h7xx_it.c **** /* USER CODE END 0 */
  56:Core/Src/stm32h7xx_it.c **** 
  57:Core/Src/stm32h7xx_it.c **** /* External variables --------------------------------------------------------*/
  58:Core/Src/stm32h7xx_it.c **** /* USER CODE BEGIN EV */
  59:Core/Src/stm32h7xx_it.c **** 
  60:Core/Src/stm32h7xx_it.c **** /* USER CODE END EV */
  61:Core/Src/stm32h7xx_it.c **** 
  62:Core/Src/stm32h7xx_it.c **** /******************************************************************************/
  63:Core/Src/stm32h7xx_it.c **** /*           Cortex Processor Interruption and Exception Handlers          */
  64:Core/Src/stm32h7xx_it.c **** /******************************************************************************/
  65:Core/Src/stm32h7xx_it.c **** /**
  66:Core/Src/stm32h7xx_it.c ****   * @brief This function handles Non maskable interrupt.
  67:Core/Src/stm32h7xx_it.c ****   */
  68:Core/Src/stm32h7xx_it.c **** void NMI_Handler(void)
  69:Core/Src/stm32h7xx_it.c **** {
  28              		.loc 1 69 1 view -0
  29              		.cfi_startproc
  30              		@ Volatile: function does not return.
  31              		@ args = 0, pretend = 0, frame = 0
  32              		@ frame_needed = 0, uses_anonymous_args = 0
  33              		@ link register save eliminated.
  34              	.L2:
  70:Core/Src/stm32h7xx_it.c ****   /* USER CODE BEGIN NonMaskableInt_IRQn 0 */
  71:Core/Src/stm32h7xx_it.c **** 
  72:Core/Src/stm32h7xx_it.c ****   /* USER CODE END NonMaskableInt_IRQn 0 */
  73:Core/Src/stm32h7xx_it.c ****   /* USER CODE BEGIN NonMaskableInt_IRQn 1 */
  74:Core/Src/stm32h7xx_it.c ****   while (1)
  35              		.loc 1 74 3 discriminator 1 view .LVU1
  75:Core/Src/stm32h7xx_it.c ****   {
  76:Core/Src/stm32h7xx_it.c ****   }
  36              		.loc 1 76 3 discriminator 1 view .LVU2
  74:Core/Src/stm32h7xx_it.c ****   {
  37              		.loc 1 74 9 discriminator 1 view .LVU3
  38 0000 FEE7     		b	.L2
ARM GAS  C:\Users\jisu8\AppData\Local\Temp\ccHxEM0h.s 			page 3


  39              		.cfi_endproc
  40              	.LFE333:
  42              		.section	.text.HardFault_Handler,"ax",%progbits
  43              		.align	1
  44              		.global	HardFault_Handler
  45              		.syntax unified
  46              		.thumb
  47              		.thumb_func
  49              	HardFault_Handler:
  50              	.LFB334:
  77:Core/Src/stm32h7xx_it.c ****   /* USER CODE END NonMaskableInt_IRQn 1 */
  78:Core/Src/stm32h7xx_it.c **** }
  79:Core/Src/stm32h7xx_it.c **** 
  80:Core/Src/stm32h7xx_it.c **** /**
  81:Core/Src/stm32h7xx_it.c ****   * @brief This function handles Hard fault interrupt.
  82:Core/Src/stm32h7xx_it.c ****   */
  83:Core/Src/stm32h7xx_it.c **** void HardFault_Handler(void)
  84:Core/Src/stm32h7xx_it.c **** {
  51              		.loc 1 84 1 view -0
  52              		.cfi_startproc
  53              		@ Volatile: function does not return.
  54              		@ args = 0, pretend = 0, frame = 0
  55              		@ frame_needed = 0, uses_anonymous_args = 0
  56              		@ link register save eliminated.
  57              	.L4:
  85:Core/Src/stm32h7xx_it.c ****   /* USER CODE BEGIN HardFault_IRQn 0 */
  86:Core/Src/stm32h7xx_it.c **** 
  87:Core/Src/stm32h7xx_it.c ****   /* USER CODE END HardFault_IRQn 0 */
  88:Core/Src/stm32h7xx_it.c ****   while (1)
  58              		.loc 1 88 3 discriminator 1 view .LVU5
  89:Core/Src/stm32h7xx_it.c ****   {
  90:Core/Src/stm32h7xx_it.c ****     /* USER CODE BEGIN W1_HardFault_IRQn 0 */
  91:Core/Src/stm32h7xx_it.c ****     /* USER CODE END W1_HardFault_IRQn 0 */
  92:Core/Src/stm32h7xx_it.c ****   }
  59              		.loc 1 92 3 discriminator 1 view .LVU6
  88:Core/Src/stm32h7xx_it.c ****   {
  60              		.loc 1 88 9 discriminator 1 view .LVU7
  61 0000 FEE7     		b	.L4
  62              		.cfi_endproc
  63              	.LFE334:
  65              		.section	.text.MemManage_Handler,"ax",%progbits
  66              		.align	1
  67              		.global	MemManage_Handler
  68              		.syntax unified
  69              		.thumb
  70              		.thumb_func
  72              	MemManage_Handler:
  73              	.LFB335:
  93:Core/Src/stm32h7xx_it.c **** }
  94:Core/Src/stm32h7xx_it.c **** 
  95:Core/Src/stm32h7xx_it.c **** /**
  96:Core/Src/stm32h7xx_it.c ****   * @brief This function handles Memory management fault.
  97:Core/Src/stm32h7xx_it.c ****   */
  98:Core/Src/stm32h7xx_it.c **** void MemManage_Handler(void)
  99:Core/Src/stm32h7xx_it.c **** {
  74              		.loc 1 99 1 view -0
  75              		.cfi_startproc
ARM GAS  C:\Users\jisu8\AppData\Local\Temp\ccHxEM0h.s 			page 4


  76              		@ Volatile: function does not return.
  77              		@ args = 0, pretend = 0, frame = 0
  78              		@ frame_needed = 0, uses_anonymous_args = 0
  79              		@ link register save eliminated.
  80              	.L6:
 100:Core/Src/stm32h7xx_it.c ****   /* USER CODE BEGIN MemoryManagement_IRQn 0 */
 101:Core/Src/stm32h7xx_it.c **** 
 102:Core/Src/stm32h7xx_it.c ****   /* USER CODE END MemoryManagement_IRQn 0 */
 103:Core/Src/stm32h7xx_it.c ****   while (1)
  81              		.loc 1 103 3 discriminator 1 view .LVU9
 104:Core/Src/stm32h7xx_it.c ****   {
 105:Core/Src/stm32h7xx_it.c ****     /* USER CODE BEGIN W1_MemoryManagement_IRQn 0 */
 106:Core/Src/stm32h7xx_it.c ****     /* USER CODE END W1_MemoryManagement_IRQn 0 */
 107:Core/Src/stm32h7xx_it.c ****   }
  82              		.loc 1 107 3 discriminator 1 view .LVU10
 103:Core/Src/stm32h7xx_it.c ****   {
  83              		.loc 1 103 9 discriminator 1 view .LVU11
  84 0000 FEE7     		b	.L6
  85              		.cfi_endproc
  86              	.LFE335:
  88              		.section	.text.BusFault_Handler,"ax",%progbits
  89              		.align	1
  90              		.global	BusFault_Handler
  91              		.syntax unified
  92              		.thumb
  93              		.thumb_func
  95              	BusFault_Handler:
  96              	.LFB336:
 108:Core/Src/stm32h7xx_it.c **** }
 109:Core/Src/stm32h7xx_it.c **** 
 110:Core/Src/stm32h7xx_it.c **** /**
 111:Core/Src/stm32h7xx_it.c ****   * @brief This function handles Pre-fetch fault, memory access fault.
 112:Core/Src/stm32h7xx_it.c ****   */
 113:Core/Src/stm32h7xx_it.c **** void BusFault_Handler(void)
 114:Core/Src/stm32h7xx_it.c **** {
  97              		.loc 1 114 1 view -0
  98              		.cfi_startproc
  99              		@ Volatile: function does not return.
 100              		@ args = 0, pretend = 0, frame = 0
 101              		@ frame_needed = 0, uses_anonymous_args = 0
 102              		@ link register save eliminated.
 103              	.L8:
 115:Core/Src/stm32h7xx_it.c ****   /* USER CODE BEGIN BusFault_IRQn 0 */
 116:Core/Src/stm32h7xx_it.c **** 
 117:Core/Src/stm32h7xx_it.c ****   /* USER CODE END BusFault_IRQn 0 */
 118:Core/Src/stm32h7xx_it.c ****   while (1)
 104              		.loc 1 118 3 discriminator 1 view .LVU13
 119:Core/Src/stm32h7xx_it.c ****   {
 120:Core/Src/stm32h7xx_it.c ****     /* USER CODE BEGIN W1_BusFault_IRQn 0 */
 121:Core/Src/stm32h7xx_it.c ****     /* USER CODE END W1_BusFault_IRQn 0 */
 122:Core/Src/stm32h7xx_it.c ****   }
 105              		.loc 1 122 3 discriminator 1 view .LVU14
 118:Core/Src/stm32h7xx_it.c ****   {
 106              		.loc 1 118 9 discriminator 1 view .LVU15
 107 0000 FEE7     		b	.L8
 108              		.cfi_endproc
 109              	.LFE336:
ARM GAS  C:\Users\jisu8\AppData\Local\Temp\ccHxEM0h.s 			page 5


 111              		.section	.text.UsageFault_Handler,"ax",%progbits
 112              		.align	1
 113              		.global	UsageFault_Handler
 114              		.syntax unified
 115              		.thumb
 116              		.thumb_func
 118              	UsageFault_Handler:
 119              	.LFB337:
 123:Core/Src/stm32h7xx_it.c **** }
 124:Core/Src/stm32h7xx_it.c **** 
 125:Core/Src/stm32h7xx_it.c **** /**
 126:Core/Src/stm32h7xx_it.c ****   * @brief This function handles Undefined instruction or illegal state.
 127:Core/Src/stm32h7xx_it.c ****   */
 128:Core/Src/stm32h7xx_it.c **** void UsageFault_Handler(void)
 129:Core/Src/stm32h7xx_it.c **** {
 120              		.loc 1 129 1 view -0
 121              		.cfi_startproc
 122              		@ Volatile: function does not return.
 123              		@ args = 0, pretend = 0, frame = 0
 124              		@ frame_needed = 0, uses_anonymous_args = 0
 125              		@ link register save eliminated.
 126              	.L10:
 130:Core/Src/stm32h7xx_it.c ****   /* USER CODE BEGIN UsageFault_IRQn 0 */
 131:Core/Src/stm32h7xx_it.c **** 
 132:Core/Src/stm32h7xx_it.c ****   /* USER CODE END UsageFault_IRQn 0 */
 133:Core/Src/stm32h7xx_it.c ****   while (1)
 127              		.loc 1 133 3 discriminator 1 view .LVU17
 134:Core/Src/stm32h7xx_it.c ****   {
 135:Core/Src/stm32h7xx_it.c ****     /* USER CODE BEGIN W1_UsageFault_IRQn 0 */
 136:Core/Src/stm32h7xx_it.c ****     /* USER CODE END W1_UsageFault_IRQn 0 */
 137:Core/Src/stm32h7xx_it.c ****   }
 128              		.loc 1 137 3 discriminator 1 view .LVU18
 133:Core/Src/stm32h7xx_it.c ****   {
 129              		.loc 1 133 9 discriminator 1 view .LVU19
 130 0000 FEE7     		b	.L10
 131              		.cfi_endproc
 132              	.LFE337:
 134              		.section	.text.SVC_Handler,"ax",%progbits
 135              		.align	1
 136              		.global	SVC_Handler
 137              		.syntax unified
 138              		.thumb
 139              		.thumb_func
 141              	SVC_Handler:
 142              	.LFB338:
 138:Core/Src/stm32h7xx_it.c **** }
 139:Core/Src/stm32h7xx_it.c **** 
 140:Core/Src/stm32h7xx_it.c **** /**
 141:Core/Src/stm32h7xx_it.c ****   * @brief This function handles System service call via SWI instruction.
 142:Core/Src/stm32h7xx_it.c ****   */
 143:Core/Src/stm32h7xx_it.c **** void SVC_Handler(void)
 144:Core/Src/stm32h7xx_it.c **** {
 143              		.loc 1 144 1 view -0
 144              		.cfi_startproc
 145              		@ args = 0, pretend = 0, frame = 0
 146              		@ frame_needed = 0, uses_anonymous_args = 0
 147              		@ link register save eliminated.
ARM GAS  C:\Users\jisu8\AppData\Local\Temp\ccHxEM0h.s 			page 6


 145:Core/Src/stm32h7xx_it.c ****   /* USER CODE BEGIN SVCall_IRQn 0 */
 146:Core/Src/stm32h7xx_it.c **** 
 147:Core/Src/stm32h7xx_it.c ****   /* USER CODE END SVCall_IRQn 0 */
 148:Core/Src/stm32h7xx_it.c ****   /* USER CODE BEGIN SVCall_IRQn 1 */
 149:Core/Src/stm32h7xx_it.c **** 
 150:Core/Src/stm32h7xx_it.c ****   /* USER CODE END SVCall_IRQn 1 */
 151:Core/Src/stm32h7xx_it.c **** }
 148              		.loc 1 151 1 view .LVU21
 149 0000 7047     		bx	lr
 150              		.cfi_endproc
 151              	.LFE338:
 153              		.section	.text.DebugMon_Handler,"ax",%progbits
 154              		.align	1
 155              		.global	DebugMon_Handler
 156              		.syntax unified
 157              		.thumb
 158              		.thumb_func
 160              	DebugMon_Handler:
 161              	.LFB339:
 152:Core/Src/stm32h7xx_it.c **** 
 153:Core/Src/stm32h7xx_it.c **** /**
 154:Core/Src/stm32h7xx_it.c ****   * @brief This function handles Debug monitor.
 155:Core/Src/stm32h7xx_it.c ****   */
 156:Core/Src/stm32h7xx_it.c **** void DebugMon_Handler(void)
 157:Core/Src/stm32h7xx_it.c **** {
 162              		.loc 1 157 1 view -0
 163              		.cfi_startproc
 164              		@ args = 0, pretend = 0, frame = 0
 165              		@ frame_needed = 0, uses_anonymous_args = 0
 166              		@ link register save eliminated.
 158:Core/Src/stm32h7xx_it.c ****   /* USER CODE BEGIN DebugMonitor_IRQn 0 */
 159:Core/Src/stm32h7xx_it.c **** 
 160:Core/Src/stm32h7xx_it.c ****   /* USER CODE END DebugMonitor_IRQn 0 */
 161:Core/Src/stm32h7xx_it.c ****   /* USER CODE BEGIN DebugMonitor_IRQn 1 */
 162:Core/Src/stm32h7xx_it.c **** 
 163:Core/Src/stm32h7xx_it.c ****   /* USER CODE END DebugMonitor_IRQn 1 */
 164:Core/Src/stm32h7xx_it.c **** }
 167              		.loc 1 164 1 view .LVU23
 168 0000 7047     		bx	lr
 169              		.cfi_endproc
 170              	.LFE339:
 172              		.section	.text.PendSV_Handler,"ax",%progbits
 173              		.align	1
 174              		.global	PendSV_Handler
 175              		.syntax unified
 176              		.thumb
 177              		.thumb_func
 179              	PendSV_Handler:
 180              	.LFB340:
 165:Core/Src/stm32h7xx_it.c **** 
 166:Core/Src/stm32h7xx_it.c **** /**
 167:Core/Src/stm32h7xx_it.c ****   * @brief This function handles Pendable request for system service.
 168:Core/Src/stm32h7xx_it.c ****   */
 169:Core/Src/stm32h7xx_it.c **** void PendSV_Handler(void)
 170:Core/Src/stm32h7xx_it.c **** {
 181              		.loc 1 170 1 view -0
 182              		.cfi_startproc
ARM GAS  C:\Users\jisu8\AppData\Local\Temp\ccHxEM0h.s 			page 7


 183              		@ args = 0, pretend = 0, frame = 0
 184              		@ frame_needed = 0, uses_anonymous_args = 0
 185              		@ link register save eliminated.
 171:Core/Src/stm32h7xx_it.c ****   /* USER CODE BEGIN PendSV_IRQn 0 */
 172:Core/Src/stm32h7xx_it.c **** 
 173:Core/Src/stm32h7xx_it.c ****   /* USER CODE END PendSV_IRQn 0 */
 174:Core/Src/stm32h7xx_it.c ****   /* USER CODE BEGIN PendSV_IRQn 1 */
 175:Core/Src/stm32h7xx_it.c **** 
 176:Core/Src/stm32h7xx_it.c ****   /* USER CODE END PendSV_IRQn 1 */
 177:Core/Src/stm32h7xx_it.c **** }
 186              		.loc 1 177 1 view .LVU25
 187 0000 7047     		bx	lr
 188              		.cfi_endproc
 189              	.LFE340:
 191              		.section	.text.HAL_TIM_PeriodElapsedCallback,"ax",%progbits
 192              		.align	1
 193              		.global	HAL_TIM_PeriodElapsedCallback
 194              		.syntax unified
 195              		.thumb
 196              		.thumb_func
 198              	HAL_TIM_PeriodElapsedCallback:
 199              	.LVL0:
 200              	.LFB341:
 178:Core/Src/stm32h7xx_it.c **** 
 179:Core/Src/stm32h7xx_it.c **** /******************************************************************************/
 180:Core/Src/stm32h7xx_it.c **** /* STM32H7xx Peripheral Interrupt Handlers                                    */
 181:Core/Src/stm32h7xx_it.c **** /* Add here the Interrupt Handlers for the used peripherals.                  */
 182:Core/Src/stm32h7xx_it.c **** /* For the available peripheral interrupt handler names,                      */
 183:Core/Src/stm32h7xx_it.c **** /* please refer to the startup file (startup_stm32h7xx.s).                    */
 184:Core/Src/stm32h7xx_it.c **** /******************************************************************************/
 185:Core/Src/stm32h7xx_it.c **** 
 186:Core/Src/stm32h7xx_it.c **** /* USER CODE BEGIN 1 */
 187:Core/Src/stm32h7xx_it.c **** void HAL_TIM_PeriodElapsedCallback(TIM_HandleTypeDef *htim)
 188:Core/Src/stm32h7xx_it.c **** {
 201              		.loc 1 188 1 view -0
 202              		.cfi_startproc
 203              		@ args = 0, pretend = 0, frame = 0
 204              		@ frame_needed = 0, uses_anonymous_args = 0
 205              		.loc 1 188 1 is_stmt 0 view .LVU27
 206 0000 10B5     		push	{r4, lr}
 207              	.LCFI0:
 208              		.cfi_def_cfa_offset 8
 209              		.cfi_offset 4, -8
 210              		.cfi_offset 14, -4
 211 0002 0446     		mov	r4, r0
 189:Core/Src/stm32h7xx_it.c ****     if(htim->Instance == TIM15)
 212              		.loc 1 189 5 is_stmt 1 view .LVU28
 213              		.loc 1 189 12 is_stmt 0 view .LVU29
 214 0004 0268     		ldr	r2, [r0]
 215              		.loc 1 189 7 view .LVU30
 216 0006 0A4B     		ldr	r3, .L22
 217 0008 9A42     		cmp	r2, r3
 218 000a 08D0     		beq	.L19
 219              	.LVL1:
 220              	.L15:
 190:Core/Src/stm32h7xx_it.c ****     {
 191:Core/Src/stm32h7xx_it.c ****         Os_Handler_10ms();
ARM GAS  C:\Users\jisu8\AppData\Local\Temp\ccHxEM0h.s 			page 8


 192:Core/Src/stm32h7xx_it.c ****     }
 193:Core/Src/stm32h7xx_it.c ****     if(htim->Instance == TIM16)
 221              		.loc 1 193 5 is_stmt 1 view .LVU31
 222              		.loc 1 193 12 is_stmt 0 view .LVU32
 223 000c 2268     		ldr	r2, [r4]
 224              		.loc 1 193 7 view .LVU33
 225 000e 094B     		ldr	r3, .L22+4
 226 0010 9A42     		cmp	r2, r3
 227 0012 07D0     		beq	.L20
 228              	.L16:
 194:Core/Src/stm32h7xx_it.c ****     {
 195:Core/Src/stm32h7xx_it.c ****         Os_Time_Handler();
 196:Core/Src/stm32h7xx_it.c ****     }
 197:Core/Src/stm32h7xx_it.c ****     if(htim->Instance == TIM17)
 229              		.loc 1 197 5 is_stmt 1 view .LVU34
 230              		.loc 1 197 12 is_stmt 0 view .LVU35
 231 0014 2268     		ldr	r2, [r4]
 232              		.loc 1 197 7 view .LVU36
 233 0016 084B     		ldr	r3, .L22+8
 234 0018 9A42     		cmp	r2, r3
 235 001a 06D0     		beq	.L21
 236              	.L14:
 198:Core/Src/stm32h7xx_it.c ****     {
 199:Core/Src/stm32h7xx_it.c ****         Os_Handler_1ms();
 200:Core/Src/stm32h7xx_it.c ****     }
 201:Core/Src/stm32h7xx_it.c **** }
 237              		.loc 1 201 1 view .LVU37
 238 001c 10BD     		pop	{r4, pc}
 239              	.LVL2:
 240              	.L19:
 241              	.LBB2:
 191:Core/Src/stm32h7xx_it.c ****     }
 242              		.loc 1 191 9 is_stmt 1 view .LVU38
 243 001e FFF7FEFF 		bl	Os_Handler_10ms
 244              	.LVL3:
 191:Core/Src/stm32h7xx_it.c ****     }
 245              		.loc 1 191 9 is_stmt 0 view .LVU39
 246 0022 F3E7     		b	.L15
 247              	.L20:
 191:Core/Src/stm32h7xx_it.c ****     }
 248              		.loc 1 191 9 view .LVU40
 249              	.LBE2:
 250              	.LBB3:
 195:Core/Src/stm32h7xx_it.c ****     }
 251              		.loc 1 195 9 is_stmt 1 view .LVU41
 252 0024 FFF7FEFF 		bl	Os_Time_Handler
 253              	.LVL4:
 254 0028 F4E7     		b	.L16
 255              	.L21:
 195:Core/Src/stm32h7xx_it.c ****     }
 256              		.loc 1 195 9 is_stmt 0 view .LVU42
 257              	.LBE3:
 258              	.LBB4:
 199:Core/Src/stm32h7xx_it.c ****     }
 259              		.loc 1 199 9 is_stmt 1 view .LVU43
 260 002a FFF7FEFF 		bl	Os_Handler_1ms
 261              	.LVL5:
ARM GAS  C:\Users\jisu8\AppData\Local\Temp\ccHxEM0h.s 			page 9


 262              	.LBE4:
 263              		.loc 1 201 1 is_stmt 0 view .LVU44
 264 002e F5E7     		b	.L14
 265              	.L23:
 266              		.align	2
 267              	.L22:
 268 0030 00400140 		.word	1073823744
 269 0034 00440140 		.word	1073824768
 270 0038 00480140 		.word	1073825792
 271              		.cfi_endproc
 272              	.LFE341:
 274              		.text
 275              	.Letext0:
 276              		.file 2 "d:\\3.tools\\arm_gcc_toolchain\\arm-none-eabi\\include\\machine\\_default_types.h"
 277              		.file 3 "d:\\3.tools\\arm_gcc_toolchain\\arm-none-eabi\\include\\sys\\_stdint.h"
 278              		.file 4 "Drivers/CMSIS/Device/ST/STM32H7xx/Include/stm32h743xx.h"
 279              		.file 5 "Drivers/STM32H7xx_HAL_Driver/Inc/stm32h7xx_hal_def.h"
 280              		.file 6 "Drivers/STM32H7xx_HAL_Driver/Inc/stm32h7xx_hal_dma.h"
 281              		.file 7 "Drivers/STM32H7xx_HAL_Driver/Inc/stm32h7xx_hal_tim.h"
ARM GAS  C:\Users\jisu8\AppData\Local\Temp\ccHxEM0h.s 			page 10


DEFINED SYMBOLS
                            *ABS*:00000000 stm32h7xx_it.c
C:\Users\jisu8\AppData\Local\Temp\ccHxEM0h.s:19     .text.NMI_Handler:00000000 $t
C:\Users\jisu8\AppData\Local\Temp\ccHxEM0h.s:25     .text.NMI_Handler:00000000 NMI_Handler
C:\Users\jisu8\AppData\Local\Temp\ccHxEM0h.s:43     .text.HardFault_Handler:00000000 $t
C:\Users\jisu8\AppData\Local\Temp\ccHxEM0h.s:49     .text.HardFault_Handler:00000000 HardFault_Handler
C:\Users\jisu8\AppData\Local\Temp\ccHxEM0h.s:66     .text.MemManage_Handler:00000000 $t
C:\Users\jisu8\AppData\Local\Temp\ccHxEM0h.s:72     .text.MemManage_Handler:00000000 MemManage_Handler
C:\Users\jisu8\AppData\Local\Temp\ccHxEM0h.s:89     .text.BusFault_Handler:00000000 $t
C:\Users\jisu8\AppData\Local\Temp\ccHxEM0h.s:95     .text.BusFault_Handler:00000000 BusFault_Handler
C:\Users\jisu8\AppData\Local\Temp\ccHxEM0h.s:112    .text.UsageFault_Handler:00000000 $t
C:\Users\jisu8\AppData\Local\Temp\ccHxEM0h.s:118    .text.UsageFault_Handler:00000000 UsageFault_Handler
C:\Users\jisu8\AppData\Local\Temp\ccHxEM0h.s:135    .text.SVC_Handler:00000000 $t
C:\Users\jisu8\AppData\Local\Temp\ccHxEM0h.s:141    .text.SVC_Handler:00000000 SVC_Handler
C:\Users\jisu8\AppData\Local\Temp\ccHxEM0h.s:154    .text.DebugMon_Handler:00000000 $t
C:\Users\jisu8\AppData\Local\Temp\ccHxEM0h.s:160    .text.DebugMon_Handler:00000000 DebugMon_Handler
C:\Users\jisu8\AppData\Local\Temp\ccHxEM0h.s:173    .text.PendSV_Handler:00000000 $t
C:\Users\jisu8\AppData\Local\Temp\ccHxEM0h.s:179    .text.PendSV_Handler:00000000 PendSV_Handler
C:\Users\jisu8\AppData\Local\Temp\ccHxEM0h.s:192    .text.HAL_TIM_PeriodElapsedCallback:00000000 $t
C:\Users\jisu8\AppData\Local\Temp\ccHxEM0h.s:198    .text.HAL_TIM_PeriodElapsedCallback:00000000 HAL_TIM_PeriodElapsedCallback
C:\Users\jisu8\AppData\Local\Temp\ccHxEM0h.s:268    .text.HAL_TIM_PeriodElapsedCallback:00000030 $d

UNDEFINED SYMBOLS
Os_Handler_10ms
Os_Time_Handler
Os_Handler_1ms
