ARM GAS  /var/folders/d0/cymppscj10lcmm48h781wrc80000gn/T//ccdCiZ6n.s 			page 1


   1              		.cpu cortex-m7
   2              		.arch armv7e-m
   3              		.fpu fpv5-d16
   4              		.eabi_attribute 28, 1
   5              		.eabi_attribute 20, 1
   6              		.eabi_attribute 21, 1
   7              		.eabi_attribute 23, 3
   8              		.eabi_attribute 24, 1
   9              		.eabi_attribute 25, 1
  10              		.eabi_attribute 26, 1
  11              		.eabi_attribute 30, 6
  12              		.eabi_attribute 34, 1
  13              		.eabi_attribute 18, 4
  14              		.file	"stm32h7xx_hal_spi_ex.c"
  15              		.text
  16              	.Ltext0:
  17              		.cfi_sections	.debug_frame
  18              		.section	.text.HAL_SPIEx_FlushRxFifo,"ax",%progbits
  19              		.align	1
  20              		.global	HAL_SPIEx_FlushRxFifo
  21              		.syntax unified
  22              		.thumb
  23              		.thumb_func
  25              	HAL_SPIEx_FlushRxFifo:
  26              	.LFB333:
  27              		.file 1 "Drivers/STM32H7xx_HAL_Driver/Src/stm32h7xx_hal_spi_ex.c"
   1:Drivers/STM32H7xx_HAL_Driver/Src/stm32h7xx_hal_spi_ex.c **** /**
   2:Drivers/STM32H7xx_HAL_Driver/Src/stm32h7xx_hal_spi_ex.c ****   ******************************************************************************
   3:Drivers/STM32H7xx_HAL_Driver/Src/stm32h7xx_hal_spi_ex.c ****   * @file    stm32h7xx_hal_spi_ex.c
   4:Drivers/STM32H7xx_HAL_Driver/Src/stm32h7xx_hal_spi_ex.c ****   * @author  MCD Application Team
   5:Drivers/STM32H7xx_HAL_Driver/Src/stm32h7xx_hal_spi_ex.c ****   * @brief   Extended SPI HAL module driver.
   6:Drivers/STM32H7xx_HAL_Driver/Src/stm32h7xx_hal_spi_ex.c ****   *          This file provides firmware functions to manage the following
   7:Drivers/STM32H7xx_HAL_Driver/Src/stm32h7xx_hal_spi_ex.c ****   *          SPI peripheral extended functionalities :
   8:Drivers/STM32H7xx_HAL_Driver/Src/stm32h7xx_hal_spi_ex.c ****   *           + IO operation functions
   9:Drivers/STM32H7xx_HAL_Driver/Src/stm32h7xx_hal_spi_ex.c ****   *           + Peripheral Control functions
  10:Drivers/STM32H7xx_HAL_Driver/Src/stm32h7xx_hal_spi_ex.c ****   *
  11:Drivers/STM32H7xx_HAL_Driver/Src/stm32h7xx_hal_spi_ex.c ****   ******************************************************************************
  12:Drivers/STM32H7xx_HAL_Driver/Src/stm32h7xx_hal_spi_ex.c ****   * @attention
  13:Drivers/STM32H7xx_HAL_Driver/Src/stm32h7xx_hal_spi_ex.c ****   *
  14:Drivers/STM32H7xx_HAL_Driver/Src/stm32h7xx_hal_spi_ex.c ****   * Copyright (c) 2017 STMicroelectronics.
  15:Drivers/STM32H7xx_HAL_Driver/Src/stm32h7xx_hal_spi_ex.c ****   * All rights reserved.
  16:Drivers/STM32H7xx_HAL_Driver/Src/stm32h7xx_hal_spi_ex.c ****   *
  17:Drivers/STM32H7xx_HAL_Driver/Src/stm32h7xx_hal_spi_ex.c ****   * This software is licensed under terms that can be found in the LICENSE file
  18:Drivers/STM32H7xx_HAL_Driver/Src/stm32h7xx_hal_spi_ex.c ****   * in the root directory of this software component.
  19:Drivers/STM32H7xx_HAL_Driver/Src/stm32h7xx_hal_spi_ex.c ****   * If no LICENSE file comes with this software, it is provided AS-IS.
  20:Drivers/STM32H7xx_HAL_Driver/Src/stm32h7xx_hal_spi_ex.c ****   *
  21:Drivers/STM32H7xx_HAL_Driver/Src/stm32h7xx_hal_spi_ex.c ****   ******************************************************************************
  22:Drivers/STM32H7xx_HAL_Driver/Src/stm32h7xx_hal_spi_ex.c ****   */
  23:Drivers/STM32H7xx_HAL_Driver/Src/stm32h7xx_hal_spi_ex.c **** 
  24:Drivers/STM32H7xx_HAL_Driver/Src/stm32h7xx_hal_spi_ex.c **** /* Includes ------------------------------------------------------------------*/
  25:Drivers/STM32H7xx_HAL_Driver/Src/stm32h7xx_hal_spi_ex.c **** #include "stm32h7xx_hal.h"
  26:Drivers/STM32H7xx_HAL_Driver/Src/stm32h7xx_hal_spi_ex.c **** 
  27:Drivers/STM32H7xx_HAL_Driver/Src/stm32h7xx_hal_spi_ex.c **** /** @addtogroup STM32H7xx_HAL_Driver
  28:Drivers/STM32H7xx_HAL_Driver/Src/stm32h7xx_hal_spi_ex.c ****   * @{
  29:Drivers/STM32H7xx_HAL_Driver/Src/stm32h7xx_hal_spi_ex.c ****   */
  30:Drivers/STM32H7xx_HAL_Driver/Src/stm32h7xx_hal_spi_ex.c **** 
  31:Drivers/STM32H7xx_HAL_Driver/Src/stm32h7xx_hal_spi_ex.c **** /** @defgroup SPIEx SPIEx
ARM GAS  /var/folders/d0/cymppscj10lcmm48h781wrc80000gn/T//ccdCiZ6n.s 			page 2


  32:Drivers/STM32H7xx_HAL_Driver/Src/stm32h7xx_hal_spi_ex.c ****   * @brief SPI Extended HAL module driver
  33:Drivers/STM32H7xx_HAL_Driver/Src/stm32h7xx_hal_spi_ex.c ****   * @{
  34:Drivers/STM32H7xx_HAL_Driver/Src/stm32h7xx_hal_spi_ex.c ****   */
  35:Drivers/STM32H7xx_HAL_Driver/Src/stm32h7xx_hal_spi_ex.c **** #ifdef HAL_SPI_MODULE_ENABLED
  36:Drivers/STM32H7xx_HAL_Driver/Src/stm32h7xx_hal_spi_ex.c **** 
  37:Drivers/STM32H7xx_HAL_Driver/Src/stm32h7xx_hal_spi_ex.c **** /* Private typedef -----------------------------------------------------------*/
  38:Drivers/STM32H7xx_HAL_Driver/Src/stm32h7xx_hal_spi_ex.c **** /* Private defines -----------------------------------------------------------*/
  39:Drivers/STM32H7xx_HAL_Driver/Src/stm32h7xx_hal_spi_ex.c **** /* Private macros ------------------------------------------------------------*/
  40:Drivers/STM32H7xx_HAL_Driver/Src/stm32h7xx_hal_spi_ex.c **** /* Private variables ---------------------------------------------------------*/
  41:Drivers/STM32H7xx_HAL_Driver/Src/stm32h7xx_hal_spi_ex.c **** /* Private function prototypes -----------------------------------------------*/
  42:Drivers/STM32H7xx_HAL_Driver/Src/stm32h7xx_hal_spi_ex.c **** /* Exported functions --------------------------------------------------------*/
  43:Drivers/STM32H7xx_HAL_Driver/Src/stm32h7xx_hal_spi_ex.c **** 
  44:Drivers/STM32H7xx_HAL_Driver/Src/stm32h7xx_hal_spi_ex.c **** /** @defgroup SPIEx_Exported_Functions SPIEx Exported Functions
  45:Drivers/STM32H7xx_HAL_Driver/Src/stm32h7xx_hal_spi_ex.c ****   * @{
  46:Drivers/STM32H7xx_HAL_Driver/Src/stm32h7xx_hal_spi_ex.c ****   */
  47:Drivers/STM32H7xx_HAL_Driver/Src/stm32h7xx_hal_spi_ex.c **** 
  48:Drivers/STM32H7xx_HAL_Driver/Src/stm32h7xx_hal_spi_ex.c **** /** @defgroup SPIEx_Exported_Functions_Group1 IO operation functions
  49:Drivers/STM32H7xx_HAL_Driver/Src/stm32h7xx_hal_spi_ex.c ****   *  @brief   Data transfers functions
  50:Drivers/STM32H7xx_HAL_Driver/Src/stm32h7xx_hal_spi_ex.c ****   *
  51:Drivers/STM32H7xx_HAL_Driver/Src/stm32h7xx_hal_spi_ex.c **** @verbatim
  52:Drivers/STM32H7xx_HAL_Driver/Src/stm32h7xx_hal_spi_ex.c ****   ==============================================================================
  53:Drivers/STM32H7xx_HAL_Driver/Src/stm32h7xx_hal_spi_ex.c ****                       ##### IO operation functions #####
  54:Drivers/STM32H7xx_HAL_Driver/Src/stm32h7xx_hal_spi_ex.c ****  ===============================================================================
  55:Drivers/STM32H7xx_HAL_Driver/Src/stm32h7xx_hal_spi_ex.c ****  [..]
  56:Drivers/STM32H7xx_HAL_Driver/Src/stm32h7xx_hal_spi_ex.c ****     This subsection provides a set of extended functions to manage the SPI
  57:Drivers/STM32H7xx_HAL_Driver/Src/stm32h7xx_hal_spi_ex.c ****     data transfers.
  58:Drivers/STM32H7xx_HAL_Driver/Src/stm32h7xx_hal_spi_ex.c **** 
  59:Drivers/STM32H7xx_HAL_Driver/Src/stm32h7xx_hal_spi_ex.c ****     (#) SPIEx function:
  60:Drivers/STM32H7xx_HAL_Driver/Src/stm32h7xx_hal_spi_ex.c ****         (++) HAL_SPIEx_FlushRxFifo()
  61:Drivers/STM32H7xx_HAL_Driver/Src/stm32h7xx_hal_spi_ex.c ****         (++) HAL_SPIEx_FlushRxFifo()
  62:Drivers/STM32H7xx_HAL_Driver/Src/stm32h7xx_hal_spi_ex.c ****         (++) HAL_SPIEx_EnableLockConfiguration()
  63:Drivers/STM32H7xx_HAL_Driver/Src/stm32h7xx_hal_spi_ex.c ****         (++) HAL_SPIEx_ConfigureUnderrun()
  64:Drivers/STM32H7xx_HAL_Driver/Src/stm32h7xx_hal_spi_ex.c **** 
  65:Drivers/STM32H7xx_HAL_Driver/Src/stm32h7xx_hal_spi_ex.c **** @endverbatim
  66:Drivers/STM32H7xx_HAL_Driver/Src/stm32h7xx_hal_spi_ex.c ****   * @{
  67:Drivers/STM32H7xx_HAL_Driver/Src/stm32h7xx_hal_spi_ex.c ****   */
  68:Drivers/STM32H7xx_HAL_Driver/Src/stm32h7xx_hal_spi_ex.c **** 
  69:Drivers/STM32H7xx_HAL_Driver/Src/stm32h7xx_hal_spi_ex.c **** /**
  70:Drivers/STM32H7xx_HAL_Driver/Src/stm32h7xx_hal_spi_ex.c ****   * @brief Flush the RX fifo.
  71:Drivers/STM32H7xx_HAL_Driver/Src/stm32h7xx_hal_spi_ex.c ****   * @param  hspi: pointer to a SPI_HandleTypeDef structure that contains
  72:Drivers/STM32H7xx_HAL_Driver/Src/stm32h7xx_hal_spi_ex.c ****   *               the configuration information for the specified SPI module.
  73:Drivers/STM32H7xx_HAL_Driver/Src/stm32h7xx_hal_spi_ex.c ****   * @retval HAL status
  74:Drivers/STM32H7xx_HAL_Driver/Src/stm32h7xx_hal_spi_ex.c ****   */
  75:Drivers/STM32H7xx_HAL_Driver/Src/stm32h7xx_hal_spi_ex.c **** HAL_StatusTypeDef HAL_SPIEx_FlushRxFifo(SPI_HandleTypeDef *hspi)
  76:Drivers/STM32H7xx_HAL_Driver/Src/stm32h7xx_hal_spi_ex.c **** {
  28              		.loc 1 76 1
  29              		.cfi_startproc
  30              		@ args = 0, pretend = 0, frame = 24
  31              		@ frame_needed = 1, uses_anonymous_args = 0
  32              		@ link register save eliminated.
  33 0000 80B4     		push	{r7}
  34              	.LCFI0:
  35              		.cfi_def_cfa_offset 4
  36              		.cfi_offset 7, -4
  37 0002 87B0     		sub	sp, sp, #28
  38              	.LCFI1:
  39              		.cfi_def_cfa_offset 32
ARM GAS  /var/folders/d0/cymppscj10lcmm48h781wrc80000gn/T//ccdCiZ6n.s 			page 3


  40 0004 00AF     		add	r7, sp, #0
  41              	.LCFI2:
  42              		.cfi_def_cfa_register 7
  43 0006 7860     		str	r0, [r7, #4]
  77:Drivers/STM32H7xx_HAL_Driver/Src/stm32h7xx_hal_spi_ex.c ****   uint8_t  count  = 0;
  44              		.loc 1 77 12
  45 0008 0023     		movs	r3, #0
  46 000a FB75     		strb	r3, [r7, #23]
  78:Drivers/STM32H7xx_HAL_Driver/Src/stm32h7xx_hal_spi_ex.c ****   uint32_t itflag = hspi->Instance->SR;
  47              		.loc 1 78 25
  48 000c 7B68     		ldr	r3, [r7, #4]
  49 000e 1B68     		ldr	r3, [r3]
  50              		.loc 1 78 12
  51 0010 5B69     		ldr	r3, [r3, #20]
  52 0012 3B61     		str	r3, [r7, #16]
  79:Drivers/STM32H7xx_HAL_Driver/Src/stm32h7xx_hal_spi_ex.c ****   __IO uint32_t tmpreg;
  80:Drivers/STM32H7xx_HAL_Driver/Src/stm32h7xx_hal_spi_ex.c **** 
  81:Drivers/STM32H7xx_HAL_Driver/Src/stm32h7xx_hal_spi_ex.c ****   while (((hspi->Instance->SR & SPI_FLAG_FRLVL) !=  SPI_RX_FIFO_0PACKET) || ((itflag & SPI_FLAG_RXW
  53              		.loc 1 81 9
  54 0014 20E0     		b	.L2
  55              	.L7:
  82:Drivers/STM32H7xx_HAL_Driver/Src/stm32h7xx_hal_spi_ex.c ****   {
  83:Drivers/STM32H7xx_HAL_Driver/Src/stm32h7xx_hal_spi_ex.c ****     count += (uint8_t)4UL;
  56              		.loc 1 83 11
  57 0016 FB7D     		ldrb	r3, [r7, #23]
  58 0018 0433     		adds	r3, r3, #4
  59 001a FB75     		strb	r3, [r7, #23]
  84:Drivers/STM32H7xx_HAL_Driver/Src/stm32h7xx_hal_spi_ex.c ****     tmpreg = hspi->Instance->RXDR;
  60              		.loc 1 84 18
  61 001c 7B68     		ldr	r3, [r7, #4]
  62 001e 1B68     		ldr	r3, [r3]
  63              		.loc 1 84 28
  64 0020 1B6B     		ldr	r3, [r3, #48]
  65              		.loc 1 84 12
  66 0022 FB60     		str	r3, [r7, #12]
  85:Drivers/STM32H7xx_HAL_Driver/Src/stm32h7xx_hal_spi_ex.c ****     UNUSED(tmpreg); /* To avoid GCC warning */
  67              		.loc 1 85 5
  68 0024 FB68     		ldr	r3, [r7, #12]
  86:Drivers/STM32H7xx_HAL_Driver/Src/stm32h7xx_hal_spi_ex.c **** 
  87:Drivers/STM32H7xx_HAL_Driver/Src/stm32h7xx_hal_spi_ex.c ****     if (IS_SPI_HIGHEND_INSTANCE(hspi->Instance))
  69              		.loc 1 87 9
  70 0026 7B68     		ldr	r3, [r7, #4]
  71 0028 1B68     		ldr	r3, [r3]
  72              		.loc 1 87 8
  73 002a 154A     		ldr	r2, .L8
  74 002c 9342     		cmp	r3, r2
  75 002e 09D0     		beq	.L3
  76              		.loc 1 87 9 discriminator 1
  77 0030 7B68     		ldr	r3, [r7, #4]
  78 0032 1B68     		ldr	r3, [r3]
  79 0034 134A     		ldr	r2, .L8+4
  80 0036 9342     		cmp	r3, r2
  81 0038 04D0     		beq	.L3
  82              		.loc 1 87 9 is_stmt 0 discriminator 2
  83 003a 7B68     		ldr	r3, [r7, #4]
  84 003c 1B68     		ldr	r3, [r3]
  85 003e 124A     		ldr	r2, .L8+8
ARM GAS  /var/folders/d0/cymppscj10lcmm48h781wrc80000gn/T//ccdCiZ6n.s 			page 4


  86 0040 9342     		cmp	r3, r2
  87 0042 04D1     		bne	.L4
  88              	.L3:
  88:Drivers/STM32H7xx_HAL_Driver/Src/stm32h7xx_hal_spi_ex.c ****     {
  89:Drivers/STM32H7xx_HAL_Driver/Src/stm32h7xx_hal_spi_ex.c ****       if (count > SPI_HIGHEND_FIFO_SIZE)
  89              		.loc 1 89 10 is_stmt 1
  90 0044 FB7D     		ldrb	r3, [r7, #23]	@ zero_extendqisi2
  91 0046 102B     		cmp	r3, #16
  92 0048 06D9     		bls	.L2
  90:Drivers/STM32H7xx_HAL_Driver/Src/stm32h7xx_hal_spi_ex.c ****       {
  91:Drivers/STM32H7xx_HAL_Driver/Src/stm32h7xx_hal_spi_ex.c ****         return HAL_TIMEOUT;
  93              		.loc 1 91 16
  94 004a 0323     		movs	r3, #3
  95 004c 11E0     		b	.L6
  96              	.L4:
  92:Drivers/STM32H7xx_HAL_Driver/Src/stm32h7xx_hal_spi_ex.c ****       }
  93:Drivers/STM32H7xx_HAL_Driver/Src/stm32h7xx_hal_spi_ex.c ****     }
  94:Drivers/STM32H7xx_HAL_Driver/Src/stm32h7xx_hal_spi_ex.c ****     else
  95:Drivers/STM32H7xx_HAL_Driver/Src/stm32h7xx_hal_spi_ex.c ****     {
  96:Drivers/STM32H7xx_HAL_Driver/Src/stm32h7xx_hal_spi_ex.c ****       if (count > SPI_LOWEND_FIFO_SIZE)
  97              		.loc 1 96 10
  98 004e FB7D     		ldrb	r3, [r7, #23]	@ zero_extendqisi2
  99 0050 082B     		cmp	r3, #8
 100 0052 01D9     		bls	.L2
  97:Drivers/STM32H7xx_HAL_Driver/Src/stm32h7xx_hal_spi_ex.c ****       {
  98:Drivers/STM32H7xx_HAL_Driver/Src/stm32h7xx_hal_spi_ex.c ****         return HAL_TIMEOUT;
 101              		.loc 1 98 16
 102 0054 0323     		movs	r3, #3
 103 0056 0CE0     		b	.L6
 104              	.L2:
  81:Drivers/STM32H7xx_HAL_Driver/Src/stm32h7xx_hal_spi_ex.c ****   {
 105              		.loc 1 81 16
 106 0058 7B68     		ldr	r3, [r7, #4]
 107 005a 1B68     		ldr	r3, [r3]
  81:Drivers/STM32H7xx_HAL_Driver/Src/stm32h7xx_hal_spi_ex.c ****   {
 108              		.loc 1 81 26
 109 005c 5B69     		ldr	r3, [r3, #20]
  81:Drivers/STM32H7xx_HAL_Driver/Src/stm32h7xx_hal_spi_ex.c ****   {
 110              		.loc 1 81 31
 111 005e 03F4C043 		and	r3, r3, #24576
  81:Drivers/STM32H7xx_HAL_Driver/Src/stm32h7xx_hal_spi_ex.c ****   {
 112              		.loc 1 81 9
 113 0062 002B     		cmp	r3, #0
 114 0064 D7D1     		bne	.L7
  81:Drivers/STM32H7xx_HAL_Driver/Src/stm32h7xx_hal_spi_ex.c ****   {
 115              		.loc 1 81 86 discriminator 1
 116 0066 3B69     		ldr	r3, [r7, #16]
 117 0068 03F40043 		and	r3, r3, #32768
  81:Drivers/STM32H7xx_HAL_Driver/Src/stm32h7xx_hal_spi_ex.c ****   {
 118              		.loc 1 81 74 discriminator 1
 119 006c 002B     		cmp	r3, #0
 120 006e D2D1     		bne	.L7
  99:Drivers/STM32H7xx_HAL_Driver/Src/stm32h7xx_hal_spi_ex.c ****       }
 100:Drivers/STM32H7xx_HAL_Driver/Src/stm32h7xx_hal_spi_ex.c ****     }
 101:Drivers/STM32H7xx_HAL_Driver/Src/stm32h7xx_hal_spi_ex.c ****   }
 102:Drivers/STM32H7xx_HAL_Driver/Src/stm32h7xx_hal_spi_ex.c ****   return HAL_OK;
 121              		.loc 1 102 10
ARM GAS  /var/folders/d0/cymppscj10lcmm48h781wrc80000gn/T//ccdCiZ6n.s 			page 5


 122 0070 0023     		movs	r3, #0
 123              	.L6:
 103:Drivers/STM32H7xx_HAL_Driver/Src/stm32h7xx_hal_spi_ex.c **** }
 124              		.loc 1 103 1
 125 0072 1846     		mov	r0, r3
 126 0074 1C37     		adds	r7, r7, #28
 127              	.LCFI3:
 128              		.cfi_def_cfa_offset 4
 129 0076 BD46     		mov	sp, r7
 130              	.LCFI4:
 131              		.cfi_def_cfa_register 13
 132              		@ sp needed
 133 0078 5DF8047B 		ldr	r7, [sp], #4
 134              	.LCFI5:
 135              		.cfi_restore 7
 136              		.cfi_def_cfa_offset 0
 137 007c 7047     		bx	lr
 138              	.L9:
 139 007e 00BF     		.align	2
 140              	.L8:
 141 0080 00300140 		.word	1073819648
 142 0084 00380040 		.word	1073756160
 143 0088 003C0040 		.word	1073757184
 144              		.cfi_endproc
 145              	.LFE333:
 147              		.section	.text.HAL_SPIEx_EnableLockConfiguration,"ax",%progbits
 148              		.align	1
 149              		.global	HAL_SPIEx_EnableLockConfiguration
 150              		.syntax unified
 151              		.thumb
 152              		.thumb_func
 154              	HAL_SPIEx_EnableLockConfiguration:
 155              	.LFB334:
 104:Drivers/STM32H7xx_HAL_Driver/Src/stm32h7xx_hal_spi_ex.c **** 
 105:Drivers/STM32H7xx_HAL_Driver/Src/stm32h7xx_hal_spi_ex.c **** 
 106:Drivers/STM32H7xx_HAL_Driver/Src/stm32h7xx_hal_spi_ex.c **** /**
 107:Drivers/STM32H7xx_HAL_Driver/Src/stm32h7xx_hal_spi_ex.c ****   * @brief  Enable the Lock for the AF configuration of associated IOs
 108:Drivers/STM32H7xx_HAL_Driver/Src/stm32h7xx_hal_spi_ex.c ****   *         and write protect the Content of Configuration register 2
 109:Drivers/STM32H7xx_HAL_Driver/Src/stm32h7xx_hal_spi_ex.c ****   *         when SPI is enabled
 110:Drivers/STM32H7xx_HAL_Driver/Src/stm32h7xx_hal_spi_ex.c ****   * @param  hspi: pointer to a SPI_HandleTypeDef structure that contains
 111:Drivers/STM32H7xx_HAL_Driver/Src/stm32h7xx_hal_spi_ex.c ****   *               the configuration information for SPI module.
 112:Drivers/STM32H7xx_HAL_Driver/Src/stm32h7xx_hal_spi_ex.c ****   * @retval None
 113:Drivers/STM32H7xx_HAL_Driver/Src/stm32h7xx_hal_spi_ex.c ****   */
 114:Drivers/STM32H7xx_HAL_Driver/Src/stm32h7xx_hal_spi_ex.c **** HAL_StatusTypeDef HAL_SPIEx_EnableLockConfiguration(SPI_HandleTypeDef *hspi)
 115:Drivers/STM32H7xx_HAL_Driver/Src/stm32h7xx_hal_spi_ex.c **** {
 156              		.loc 1 115 1
 157              		.cfi_startproc
 158              		@ args = 0, pretend = 0, frame = 16
 159              		@ frame_needed = 1, uses_anonymous_args = 0
 160              		@ link register save eliminated.
 161 0000 80B4     		push	{r7}
 162              	.LCFI6:
 163              		.cfi_def_cfa_offset 4
 164              		.cfi_offset 7, -4
 165 0002 85B0     		sub	sp, sp, #20
 166              	.LCFI7:
 167              		.cfi_def_cfa_offset 24
ARM GAS  /var/folders/d0/cymppscj10lcmm48h781wrc80000gn/T//ccdCiZ6n.s 			page 6


 168 0004 00AF     		add	r7, sp, #0
 169              	.LCFI8:
 170              		.cfi_def_cfa_register 7
 171 0006 7860     		str	r0, [r7, #4]
 116:Drivers/STM32H7xx_HAL_Driver/Src/stm32h7xx_hal_spi_ex.c ****   HAL_StatusTypeDef errorcode = HAL_OK;
 172              		.loc 1 116 21
 173 0008 0023     		movs	r3, #0
 174 000a FB73     		strb	r3, [r7, #15]
 117:Drivers/STM32H7xx_HAL_Driver/Src/stm32h7xx_hal_spi_ex.c **** 
 118:Drivers/STM32H7xx_HAL_Driver/Src/stm32h7xx_hal_spi_ex.c ****   /* Process Locked */
 119:Drivers/STM32H7xx_HAL_Driver/Src/stm32h7xx_hal_spi_ex.c ****   __HAL_LOCK(hspi);
 175              		.loc 1 119 3
 176 000c 7B68     		ldr	r3, [r7, #4]
 177 000e 93F88030 		ldrb	r3, [r3, #128]	@ zero_extendqisi2
 178 0012 012B     		cmp	r3, #1
 179 0014 01D1     		bne	.L11
 180              		.loc 1 119 3 is_stmt 0 discriminator 1
 181 0016 0223     		movs	r3, #2
 182 0018 46E0     		b	.L12
 183              	.L11:
 184              		.loc 1 119 3 discriminator 2
 185 001a 7B68     		ldr	r3, [r7, #4]
 186 001c 0122     		movs	r2, #1
 187 001e 83F88020 		strb	r2, [r3, #128]
 120:Drivers/STM32H7xx_HAL_Driver/Src/stm32h7xx_hal_spi_ex.c **** 
 121:Drivers/STM32H7xx_HAL_Driver/Src/stm32h7xx_hal_spi_ex.c ****   if (hspi->State != HAL_SPI_STATE_READY)
 188              		.loc 1 121 11 is_stmt 1 discriminator 2
 189 0022 7B68     		ldr	r3, [r7, #4]
 190 0024 93F88130 		ldrb	r3, [r3, #129]
 191 0028 DBB2     		uxtb	r3, r3
 192              		.loc 1 121 6 discriminator 2
 193 002a 012B     		cmp	r3, #1
 194 002c 0BD0     		beq	.L13
 122:Drivers/STM32H7xx_HAL_Driver/Src/stm32h7xx_hal_spi_ex.c ****   {
 123:Drivers/STM32H7xx_HAL_Driver/Src/stm32h7xx_hal_spi_ex.c ****     errorcode = HAL_BUSY;
 195              		.loc 1 123 15
 196 002e 0223     		movs	r3, #2
 197 0030 FB73     		strb	r3, [r7, #15]
 124:Drivers/STM32H7xx_HAL_Driver/Src/stm32h7xx_hal_spi_ex.c ****     hspi->State = HAL_SPI_STATE_READY;
 198              		.loc 1 124 17
 199 0032 7B68     		ldr	r3, [r7, #4]
 200 0034 0122     		movs	r2, #1
 201 0036 83F88120 		strb	r2, [r3, #129]
 125:Drivers/STM32H7xx_HAL_Driver/Src/stm32h7xx_hal_spi_ex.c ****     /* Process Unlocked */
 126:Drivers/STM32H7xx_HAL_Driver/Src/stm32h7xx_hal_spi_ex.c ****     __HAL_UNLOCK(hspi);
 202              		.loc 1 126 5
 203 003a 7B68     		ldr	r3, [r7, #4]
 204 003c 0022     		movs	r2, #0
 205 003e 83F88020 		strb	r2, [r3, #128]
 127:Drivers/STM32H7xx_HAL_Driver/Src/stm32h7xx_hal_spi_ex.c ****     return errorcode;
 206              		.loc 1 127 12
 207 0042 FB7B     		ldrb	r3, [r7, #15]	@ zero_extendqisi2
 208 0044 30E0     		b	.L12
 209              	.L13:
 128:Drivers/STM32H7xx_HAL_Driver/Src/stm32h7xx_hal_spi_ex.c ****   }
 129:Drivers/STM32H7xx_HAL_Driver/Src/stm32h7xx_hal_spi_ex.c **** 
 130:Drivers/STM32H7xx_HAL_Driver/Src/stm32h7xx_hal_spi_ex.c ****   /* Check if the SPI is disabled to edit IOLOCK bit */
ARM GAS  /var/folders/d0/cymppscj10lcmm48h781wrc80000gn/T//ccdCiZ6n.s 			page 7


 131:Drivers/STM32H7xx_HAL_Driver/Src/stm32h7xx_hal_spi_ex.c ****   if ((hspi->Instance->CR1 & SPI_CR1_SPE) != SPI_CR1_SPE)
 210              		.loc 1 131 12
 211 0046 7B68     		ldr	r3, [r7, #4]
 212 0048 1B68     		ldr	r3, [r3]
 213              		.loc 1 131 22
 214 004a 1B68     		ldr	r3, [r3]
 215              		.loc 1 131 28
 216 004c 03F00103 		and	r3, r3, #1
 217              		.loc 1 131 6
 218 0050 012B     		cmp	r3, #1
 219 0052 08D0     		beq	.L14
 132:Drivers/STM32H7xx_HAL_Driver/Src/stm32h7xx_hal_spi_ex.c ****   {
 133:Drivers/STM32H7xx_HAL_Driver/Src/stm32h7xx_hal_spi_ex.c ****     SET_BIT(hspi->Instance->CR1, SPI_CR1_IOLOCK);
 220              		.loc 1 133 5
 221 0054 7B68     		ldr	r3, [r7, #4]
 222 0056 1B68     		ldr	r3, [r3]
 223 0058 1A68     		ldr	r2, [r3]
 224 005a 7B68     		ldr	r3, [r7, #4]
 225 005c 1B68     		ldr	r3, [r3]
 226 005e 42F48032 		orr	r2, r2, #65536
 227 0062 1A60     		str	r2, [r3]
 228 0064 17E0     		b	.L15
 229              	.L14:
 134:Drivers/STM32H7xx_HAL_Driver/Src/stm32h7xx_hal_spi_ex.c ****   }
 135:Drivers/STM32H7xx_HAL_Driver/Src/stm32h7xx_hal_spi_ex.c ****   else
 136:Drivers/STM32H7xx_HAL_Driver/Src/stm32h7xx_hal_spi_ex.c ****   {
 137:Drivers/STM32H7xx_HAL_Driver/Src/stm32h7xx_hal_spi_ex.c ****     /* Disable SPI peripheral */
 138:Drivers/STM32H7xx_HAL_Driver/Src/stm32h7xx_hal_spi_ex.c ****     __HAL_SPI_DISABLE(hspi);
 230              		.loc 1 138 5
 231 0066 7B68     		ldr	r3, [r7, #4]
 232 0068 1B68     		ldr	r3, [r3]
 233 006a 1A68     		ldr	r2, [r3]
 234 006c 7B68     		ldr	r3, [r7, #4]
 235 006e 1B68     		ldr	r3, [r3]
 236 0070 22F00102 		bic	r2, r2, #1
 237 0074 1A60     		str	r2, [r3]
 139:Drivers/STM32H7xx_HAL_Driver/Src/stm32h7xx_hal_spi_ex.c **** 
 140:Drivers/STM32H7xx_HAL_Driver/Src/stm32h7xx_hal_spi_ex.c ****     SET_BIT(hspi->Instance->CR1, SPI_CR1_IOLOCK);
 238              		.loc 1 140 5
 239 0076 7B68     		ldr	r3, [r7, #4]
 240 0078 1B68     		ldr	r3, [r3]
 241 007a 1A68     		ldr	r2, [r3]
 242 007c 7B68     		ldr	r3, [r7, #4]
 243 007e 1B68     		ldr	r3, [r3]
 244 0080 42F48032 		orr	r2, r2, #65536
 245 0084 1A60     		str	r2, [r3]
 141:Drivers/STM32H7xx_HAL_Driver/Src/stm32h7xx_hal_spi_ex.c **** 
 142:Drivers/STM32H7xx_HAL_Driver/Src/stm32h7xx_hal_spi_ex.c ****     /* Enable SPI peripheral */
 143:Drivers/STM32H7xx_HAL_Driver/Src/stm32h7xx_hal_spi_ex.c ****     __HAL_SPI_ENABLE(hspi);
 246              		.loc 1 143 5
 247 0086 7B68     		ldr	r3, [r7, #4]
 248 0088 1B68     		ldr	r3, [r3]
 249 008a 1A68     		ldr	r2, [r3]
 250 008c 7B68     		ldr	r3, [r7, #4]
 251 008e 1B68     		ldr	r3, [r3]
 252 0090 42F00102 		orr	r2, r2, #1
 253 0094 1A60     		str	r2, [r3]
ARM GAS  /var/folders/d0/cymppscj10lcmm48h781wrc80000gn/T//ccdCiZ6n.s 			page 8


 254              	.L15:
 144:Drivers/STM32H7xx_HAL_Driver/Src/stm32h7xx_hal_spi_ex.c ****   }
 145:Drivers/STM32H7xx_HAL_Driver/Src/stm32h7xx_hal_spi_ex.c **** 
 146:Drivers/STM32H7xx_HAL_Driver/Src/stm32h7xx_hal_spi_ex.c ****   hspi->State = HAL_SPI_STATE_READY;
 255              		.loc 1 146 15
 256 0096 7B68     		ldr	r3, [r7, #4]
 257 0098 0122     		movs	r2, #1
 258 009a 83F88120 		strb	r2, [r3, #129]
 147:Drivers/STM32H7xx_HAL_Driver/Src/stm32h7xx_hal_spi_ex.c ****   /* Process Unlocked */
 148:Drivers/STM32H7xx_HAL_Driver/Src/stm32h7xx_hal_spi_ex.c ****   __HAL_UNLOCK(hspi);
 259              		.loc 1 148 3
 260 009e 7B68     		ldr	r3, [r7, #4]
 261 00a0 0022     		movs	r2, #0
 262 00a2 83F88020 		strb	r2, [r3, #128]
 149:Drivers/STM32H7xx_HAL_Driver/Src/stm32h7xx_hal_spi_ex.c ****   return errorcode;
 263              		.loc 1 149 10
 264 00a6 FB7B     		ldrb	r3, [r7, #15]	@ zero_extendqisi2
 265              	.L12:
 150:Drivers/STM32H7xx_HAL_Driver/Src/stm32h7xx_hal_spi_ex.c **** }
 266              		.loc 1 150 1
 267 00a8 1846     		mov	r0, r3
 268 00aa 1437     		adds	r7, r7, #20
 269              	.LCFI9:
 270              		.cfi_def_cfa_offset 4
 271 00ac BD46     		mov	sp, r7
 272              	.LCFI10:
 273              		.cfi_def_cfa_register 13
 274              		@ sp needed
 275 00ae 5DF8047B 		ldr	r7, [sp], #4
 276              	.LCFI11:
 277              		.cfi_restore 7
 278              		.cfi_def_cfa_offset 0
 279 00b2 7047     		bx	lr
 280              		.cfi_endproc
 281              	.LFE334:
 283              		.section	.text.HAL_SPIEx_ConfigureUnderrun,"ax",%progbits
 284              		.align	1
 285              		.global	HAL_SPIEx_ConfigureUnderrun
 286              		.syntax unified
 287              		.thumb
 288              		.thumb_func
 290              	HAL_SPIEx_ConfigureUnderrun:
 291              	.LFB335:
 151:Drivers/STM32H7xx_HAL_Driver/Src/stm32h7xx_hal_spi_ex.c **** 
 152:Drivers/STM32H7xx_HAL_Driver/Src/stm32h7xx_hal_spi_ex.c **** /**
 153:Drivers/STM32H7xx_HAL_Driver/Src/stm32h7xx_hal_spi_ex.c ****   * @brief  Configure the UNDERRUN condition and behavior of slave transmitter.
 154:Drivers/STM32H7xx_HAL_Driver/Src/stm32h7xx_hal_spi_ex.c ****   * @param  hspi: pointer to a SPI_HandleTypeDef structure that contains
 155:Drivers/STM32H7xx_HAL_Driver/Src/stm32h7xx_hal_spi_ex.c ****   *               the configuration information for SPI module.
 156:Drivers/STM32H7xx_HAL_Driver/Src/stm32h7xx_hal_spi_ex.c ****   * @param  UnderrunDetection : Detection of underrun condition at slave transmitter
 157:Drivers/STM32H7xx_HAL_Driver/Src/stm32h7xx_hal_spi_ex.c ****   *                             This parameter can be a value of @ref SPI_Underrun_Detection.
 158:Drivers/STM32H7xx_HAL_Driver/Src/stm32h7xx_hal_spi_ex.c ****   * @param  UnderrunBehaviour : Behavior of slave transmitter at underrun condition
 159:Drivers/STM32H7xx_HAL_Driver/Src/stm32h7xx_hal_spi_ex.c ****   *                             This parameter can be a value of @ref SPI_Underrun_Behaviour.
 160:Drivers/STM32H7xx_HAL_Driver/Src/stm32h7xx_hal_spi_ex.c ****   * @retval None
 161:Drivers/STM32H7xx_HAL_Driver/Src/stm32h7xx_hal_spi_ex.c ****   */
 162:Drivers/STM32H7xx_HAL_Driver/Src/stm32h7xx_hal_spi_ex.c **** HAL_StatusTypeDef HAL_SPIEx_ConfigureUnderrun(SPI_HandleTypeDef *hspi, uint32_t UnderrunDetection,
 163:Drivers/STM32H7xx_HAL_Driver/Src/stm32h7xx_hal_spi_ex.c ****                                               uint32_t UnderrunBehaviour)
 164:Drivers/STM32H7xx_HAL_Driver/Src/stm32h7xx_hal_spi_ex.c **** {
ARM GAS  /var/folders/d0/cymppscj10lcmm48h781wrc80000gn/T//ccdCiZ6n.s 			page 9


 292              		.loc 1 164 1
 293              		.cfi_startproc
 294              		@ args = 0, pretend = 0, frame = 24
 295              		@ frame_needed = 1, uses_anonymous_args = 0
 296              		@ link register save eliminated.
 297 0000 80B4     		push	{r7}
 298              	.LCFI12:
 299              		.cfi_def_cfa_offset 4
 300              		.cfi_offset 7, -4
 301 0002 87B0     		sub	sp, sp, #28
 302              	.LCFI13:
 303              		.cfi_def_cfa_offset 32
 304 0004 00AF     		add	r7, sp, #0
 305              	.LCFI14:
 306              		.cfi_def_cfa_register 7
 307 0006 F860     		str	r0, [r7, #12]
 308 0008 B960     		str	r1, [r7, #8]
 309 000a 7A60     		str	r2, [r7, #4]
 165:Drivers/STM32H7xx_HAL_Driver/Src/stm32h7xx_hal_spi_ex.c ****   HAL_StatusTypeDef errorcode = HAL_OK;
 310              		.loc 1 165 21
 311 000c 0023     		movs	r3, #0
 312 000e FB75     		strb	r3, [r7, #23]
 166:Drivers/STM32H7xx_HAL_Driver/Src/stm32h7xx_hal_spi_ex.c **** 
 167:Drivers/STM32H7xx_HAL_Driver/Src/stm32h7xx_hal_spi_ex.c ****   /* Process Locked */
 168:Drivers/STM32H7xx_HAL_Driver/Src/stm32h7xx_hal_spi_ex.c ****   __HAL_LOCK(hspi);
 313              		.loc 1 168 3
 314 0010 FB68     		ldr	r3, [r7, #12]
 315 0012 93F88030 		ldrb	r3, [r3, #128]	@ zero_extendqisi2
 316 0016 012B     		cmp	r3, #1
 317 0018 01D1     		bne	.L17
 318              		.loc 1 168 3 is_stmt 0 discriminator 1
 319 001a 0223     		movs	r3, #2
 320 001c 62E0     		b	.L18
 321              	.L17:
 322              		.loc 1 168 3 discriminator 2
 323 001e FB68     		ldr	r3, [r7, #12]
 324 0020 0122     		movs	r2, #1
 325 0022 83F88020 		strb	r2, [r3, #128]
 169:Drivers/STM32H7xx_HAL_Driver/Src/stm32h7xx_hal_spi_ex.c **** 
 170:Drivers/STM32H7xx_HAL_Driver/Src/stm32h7xx_hal_spi_ex.c ****   /* Check State and Insure that Underrun configuration is managed only by Salve */
 171:Drivers/STM32H7xx_HAL_Driver/Src/stm32h7xx_hal_spi_ex.c ****   if ((hspi->State != HAL_SPI_STATE_READY) || (hspi->Init.Mode != SPI_MODE_SLAVE))
 326              		.loc 1 171 12 is_stmt 1 discriminator 2
 327 0026 FB68     		ldr	r3, [r7, #12]
 328 0028 93F88130 		ldrb	r3, [r3, #129]
 329 002c DBB2     		uxtb	r3, r3
 330              		.loc 1 171 6 discriminator 2
 331 002e 012B     		cmp	r3, #1
 332 0030 03D1     		bne	.L19
 333              		.loc 1 171 58 discriminator 1
 334 0032 FB68     		ldr	r3, [r7, #12]
 335 0034 5B68     		ldr	r3, [r3, #4]
 336              		.loc 1 171 44 discriminator 1
 337 0036 002B     		cmp	r3, #0
 338 0038 0BD0     		beq	.L20
 339              	.L19:
 172:Drivers/STM32H7xx_HAL_Driver/Src/stm32h7xx_hal_spi_ex.c ****   {
 173:Drivers/STM32H7xx_HAL_Driver/Src/stm32h7xx_hal_spi_ex.c ****     errorcode = HAL_BUSY;
ARM GAS  /var/folders/d0/cymppscj10lcmm48h781wrc80000gn/T//ccdCiZ6n.s 			page 10


 340              		.loc 1 173 15
 341 003a 0223     		movs	r3, #2
 342 003c FB75     		strb	r3, [r7, #23]
 174:Drivers/STM32H7xx_HAL_Driver/Src/stm32h7xx_hal_spi_ex.c ****     hspi->State = HAL_SPI_STATE_READY;
 343              		.loc 1 174 17
 344 003e FB68     		ldr	r3, [r7, #12]
 345 0040 0122     		movs	r2, #1
 346 0042 83F88120 		strb	r2, [r3, #129]
 175:Drivers/STM32H7xx_HAL_Driver/Src/stm32h7xx_hal_spi_ex.c ****     /* Process Unlocked */
 176:Drivers/STM32H7xx_HAL_Driver/Src/stm32h7xx_hal_spi_ex.c ****     __HAL_UNLOCK(hspi);
 347              		.loc 1 176 5
 348 0046 FB68     		ldr	r3, [r7, #12]
 349 0048 0022     		movs	r2, #0
 350 004a 83F88020 		strb	r2, [r3, #128]
 177:Drivers/STM32H7xx_HAL_Driver/Src/stm32h7xx_hal_spi_ex.c ****     return errorcode;
 351              		.loc 1 177 12
 352 004e FB7D     		ldrb	r3, [r7, #23]	@ zero_extendqisi2
 353 0050 48E0     		b	.L18
 354              	.L20:
 178:Drivers/STM32H7xx_HAL_Driver/Src/stm32h7xx_hal_spi_ex.c ****   }
 179:Drivers/STM32H7xx_HAL_Driver/Src/stm32h7xx_hal_spi_ex.c **** 
 180:Drivers/STM32H7xx_HAL_Driver/Src/stm32h7xx_hal_spi_ex.c ****   /* Check the parameters */
 181:Drivers/STM32H7xx_HAL_Driver/Src/stm32h7xx_hal_spi_ex.c ****   assert_param(IS_SPI_UNDERRUN_DETECTION(UnderrunDetection));
 182:Drivers/STM32H7xx_HAL_Driver/Src/stm32h7xx_hal_spi_ex.c ****   assert_param(IS_SPI_UNDERRUN_BEHAVIOUR(UnderrunBehaviour));
 183:Drivers/STM32H7xx_HAL_Driver/Src/stm32h7xx_hal_spi_ex.c **** 
 184:Drivers/STM32H7xx_HAL_Driver/Src/stm32h7xx_hal_spi_ex.c ****   /* Check if the SPI is disabled to edit CFG1 register */
 185:Drivers/STM32H7xx_HAL_Driver/Src/stm32h7xx_hal_spi_ex.c ****   if ((hspi->Instance->CR1 & SPI_CR1_SPE) != SPI_CR1_SPE)
 355              		.loc 1 185 12
 356 0052 FB68     		ldr	r3, [r7, #12]
 357 0054 1B68     		ldr	r3, [r3]
 358              		.loc 1 185 22
 359 0056 1B68     		ldr	r3, [r3]
 360              		.loc 1 185 28
 361 0058 03F00103 		and	r3, r3, #1
 362              		.loc 1 185 6
 363 005c 012B     		cmp	r3, #1
 364 005e 14D0     		beq	.L21
 186:Drivers/STM32H7xx_HAL_Driver/Src/stm32h7xx_hal_spi_ex.c ****   {
 187:Drivers/STM32H7xx_HAL_Driver/Src/stm32h7xx_hal_spi_ex.c ****     /* Configure Underrun fields */
 188:Drivers/STM32H7xx_HAL_Driver/Src/stm32h7xx_hal_spi_ex.c ****     MODIFY_REG(hspi->Instance->CFG1, SPI_CFG1_UDRDET, UnderrunDetection);
 365              		.loc 1 188 5
 366 0060 FB68     		ldr	r3, [r7, #12]
 367 0062 1B68     		ldr	r3, [r3]
 368 0064 9B68     		ldr	r3, [r3, #8]
 369 0066 23F4C051 		bic	r1, r3, #6144
 370 006a FB68     		ldr	r3, [r7, #12]
 371 006c 1B68     		ldr	r3, [r3]
 372 006e BA68     		ldr	r2, [r7, #8]
 373 0070 0A43     		orrs	r2, r2, r1
 374 0072 9A60     		str	r2, [r3, #8]
 189:Drivers/STM32H7xx_HAL_Driver/Src/stm32h7xx_hal_spi_ex.c ****     MODIFY_REG(hspi->Instance->CFG1, SPI_CFG1_UDRCFG, UnderrunBehaviour);
 375              		.loc 1 189 5
 376 0074 FB68     		ldr	r3, [r7, #12]
 377 0076 1B68     		ldr	r3, [r3]
 378 0078 9B68     		ldr	r3, [r3, #8]
 379 007a 23F4C061 		bic	r1, r3, #1536
 380 007e FB68     		ldr	r3, [r7, #12]
ARM GAS  /var/folders/d0/cymppscj10lcmm48h781wrc80000gn/T//ccdCiZ6n.s 			page 11


 381 0080 1B68     		ldr	r3, [r3]
 382 0082 7A68     		ldr	r2, [r7, #4]
 383 0084 0A43     		orrs	r2, r2, r1
 384 0086 9A60     		str	r2, [r3, #8]
 385 0088 23E0     		b	.L22
 386              	.L21:
 190:Drivers/STM32H7xx_HAL_Driver/Src/stm32h7xx_hal_spi_ex.c ****   }
 191:Drivers/STM32H7xx_HAL_Driver/Src/stm32h7xx_hal_spi_ex.c ****   else
 192:Drivers/STM32H7xx_HAL_Driver/Src/stm32h7xx_hal_spi_ex.c ****   {
 193:Drivers/STM32H7xx_HAL_Driver/Src/stm32h7xx_hal_spi_ex.c ****     /* Disable SPI peripheral */
 194:Drivers/STM32H7xx_HAL_Driver/Src/stm32h7xx_hal_spi_ex.c ****     __HAL_SPI_DISABLE(hspi);
 387              		.loc 1 194 5
 388 008a FB68     		ldr	r3, [r7, #12]
 389 008c 1B68     		ldr	r3, [r3]
 390 008e 1A68     		ldr	r2, [r3]
 391 0090 FB68     		ldr	r3, [r7, #12]
 392 0092 1B68     		ldr	r3, [r3]
 393 0094 22F00102 		bic	r2, r2, #1
 394 0098 1A60     		str	r2, [r3]
 195:Drivers/STM32H7xx_HAL_Driver/Src/stm32h7xx_hal_spi_ex.c **** 
 196:Drivers/STM32H7xx_HAL_Driver/Src/stm32h7xx_hal_spi_ex.c ****     /* Configure Underrun fields */
 197:Drivers/STM32H7xx_HAL_Driver/Src/stm32h7xx_hal_spi_ex.c ****     MODIFY_REG(hspi->Instance->CFG1, SPI_CFG1_UDRDET, UnderrunDetection);
 395              		.loc 1 197 5
 396 009a FB68     		ldr	r3, [r7, #12]
 397 009c 1B68     		ldr	r3, [r3]
 398 009e 9B68     		ldr	r3, [r3, #8]
 399 00a0 23F4C051 		bic	r1, r3, #6144
 400 00a4 FB68     		ldr	r3, [r7, #12]
 401 00a6 1B68     		ldr	r3, [r3]
 402 00a8 BA68     		ldr	r2, [r7, #8]
 403 00aa 0A43     		orrs	r2, r2, r1
 404 00ac 9A60     		str	r2, [r3, #8]
 198:Drivers/STM32H7xx_HAL_Driver/Src/stm32h7xx_hal_spi_ex.c ****     MODIFY_REG(hspi->Instance->CFG1, SPI_CFG1_UDRCFG, UnderrunBehaviour);
 405              		.loc 1 198 5
 406 00ae FB68     		ldr	r3, [r7, #12]
 407 00b0 1B68     		ldr	r3, [r3]
 408 00b2 9B68     		ldr	r3, [r3, #8]
 409 00b4 23F4C061 		bic	r1, r3, #1536
 410 00b8 FB68     		ldr	r3, [r7, #12]
 411 00ba 1B68     		ldr	r3, [r3]
 412 00bc 7A68     		ldr	r2, [r7, #4]
 413 00be 0A43     		orrs	r2, r2, r1
 414 00c0 9A60     		str	r2, [r3, #8]
 199:Drivers/STM32H7xx_HAL_Driver/Src/stm32h7xx_hal_spi_ex.c **** 
 200:Drivers/STM32H7xx_HAL_Driver/Src/stm32h7xx_hal_spi_ex.c ****     /* Enable SPI peripheral */
 201:Drivers/STM32H7xx_HAL_Driver/Src/stm32h7xx_hal_spi_ex.c ****     __HAL_SPI_ENABLE(hspi);
 415              		.loc 1 201 5
 416 00c2 FB68     		ldr	r3, [r7, #12]
 417 00c4 1B68     		ldr	r3, [r3]
 418 00c6 1A68     		ldr	r2, [r3]
 419 00c8 FB68     		ldr	r3, [r7, #12]
 420 00ca 1B68     		ldr	r3, [r3]
 421 00cc 42F00102 		orr	r2, r2, #1
 422 00d0 1A60     		str	r2, [r3]
 423              	.L22:
 202:Drivers/STM32H7xx_HAL_Driver/Src/stm32h7xx_hal_spi_ex.c ****   }
 203:Drivers/STM32H7xx_HAL_Driver/Src/stm32h7xx_hal_spi_ex.c **** 
ARM GAS  /var/folders/d0/cymppscj10lcmm48h781wrc80000gn/T//ccdCiZ6n.s 			page 12


 204:Drivers/STM32H7xx_HAL_Driver/Src/stm32h7xx_hal_spi_ex.c **** 
 205:Drivers/STM32H7xx_HAL_Driver/Src/stm32h7xx_hal_spi_ex.c ****   hspi->State = HAL_SPI_STATE_READY;
 424              		.loc 1 205 15
 425 00d2 FB68     		ldr	r3, [r7, #12]
 426 00d4 0122     		movs	r2, #1
 427 00d6 83F88120 		strb	r2, [r3, #129]
 206:Drivers/STM32H7xx_HAL_Driver/Src/stm32h7xx_hal_spi_ex.c ****   /* Process Unlocked */
 207:Drivers/STM32H7xx_HAL_Driver/Src/stm32h7xx_hal_spi_ex.c ****   __HAL_UNLOCK(hspi);
 428              		.loc 1 207 3
 429 00da FB68     		ldr	r3, [r7, #12]
 430 00dc 0022     		movs	r2, #0
 431 00de 83F88020 		strb	r2, [r3, #128]
 208:Drivers/STM32H7xx_HAL_Driver/Src/stm32h7xx_hal_spi_ex.c ****   return errorcode;
 432              		.loc 1 208 10
 433 00e2 FB7D     		ldrb	r3, [r7, #23]	@ zero_extendqisi2
 434              	.L18:
 209:Drivers/STM32H7xx_HAL_Driver/Src/stm32h7xx_hal_spi_ex.c **** }
 435              		.loc 1 209 1
 436 00e4 1846     		mov	r0, r3
 437 00e6 1C37     		adds	r7, r7, #28
 438              	.LCFI15:
 439              		.cfi_def_cfa_offset 4
 440 00e8 BD46     		mov	sp, r7
 441              	.LCFI16:
 442              		.cfi_def_cfa_register 13
 443              		@ sp needed
 444 00ea 5DF8047B 		ldr	r7, [sp], #4
 445              	.LCFI17:
 446              		.cfi_restore 7
 447              		.cfi_def_cfa_offset 0
 448 00ee 7047     		bx	lr
 449              		.cfi_endproc
 450              	.LFE335:
 452              		.text
 453              	.Letext0:
 454              		.file 2 "/Users/seojisu/Library/Arm-GCC-xPack/arm-none-eabi/include/machine/_default_types.h"
 455              		.file 3 "/Users/seojisu/Library/Arm-GCC-xPack/arm-none-eabi/include/sys/_stdint.h"
 456              		.file 4 "Drivers/CMSIS/Device/ST/STM32H7xx/Include/stm32h743xx.h"
 457              		.file 5 "Drivers/STM32H7xx_HAL_Driver/Inc/stm32h7xx_hal_def.h"
 458              		.file 6 "Drivers/STM32H7xx_HAL_Driver/Inc/stm32h7xx_hal_dma.h"
 459              		.file 7 "Drivers/STM32H7xx_HAL_Driver/Inc/stm32h7xx_hal_spi.h"
ARM GAS  /var/folders/d0/cymppscj10lcmm48h781wrc80000gn/T//ccdCiZ6n.s 			page 13


DEFINED SYMBOLS
                            *ABS*:0000000000000000 stm32h7xx_hal_spi_ex.c
/var/folders/d0/cymppscj10lcmm48h781wrc80000gn/T//ccdCiZ6n.s:19     .text.HAL_SPIEx_FlushRxFifo:0000000000000000 $t
/var/folders/d0/cymppscj10lcmm48h781wrc80000gn/T//ccdCiZ6n.s:25     .text.HAL_SPIEx_FlushRxFifo:0000000000000000 HAL_SPIEx_FlushRxFifo
/var/folders/d0/cymppscj10lcmm48h781wrc80000gn/T//ccdCiZ6n.s:141    .text.HAL_SPIEx_FlushRxFifo:0000000000000080 $d
/var/folders/d0/cymppscj10lcmm48h781wrc80000gn/T//ccdCiZ6n.s:148    .text.HAL_SPIEx_EnableLockConfiguration:0000000000000000 $t
/var/folders/d0/cymppscj10lcmm48h781wrc80000gn/T//ccdCiZ6n.s:154    .text.HAL_SPIEx_EnableLockConfiguration:0000000000000000 HAL_SPIEx_EnableLockConfiguration
/var/folders/d0/cymppscj10lcmm48h781wrc80000gn/T//ccdCiZ6n.s:284    .text.HAL_SPIEx_ConfigureUnderrun:0000000000000000 $t
/var/folders/d0/cymppscj10lcmm48h781wrc80000gn/T//ccdCiZ6n.s:290    .text.HAL_SPIEx_ConfigureUnderrun:0000000000000000 HAL_SPIEx_ConfigureUnderrun

NO UNDEFINED SYMBOLS
