ARM GAS  C:\Users\jisu8\AppData\Local\Temp\ccLbNVYE.s 			page 1


   1              		.cpu cortex-m7
   2              		.eabi_attribute 28, 1
   3              		.eabi_attribute 20, 1
   4              		.eabi_attribute 21, 1
   5              		.eabi_attribute 23, 3
   6              		.eabi_attribute 24, 1
   7              		.eabi_attribute 25, 1
   8              		.eabi_attribute 26, 1
   9              		.eabi_attribute 30, 1
  10              		.eabi_attribute 34, 1
  11              		.eabi_attribute 18, 4
  12              		.file	"stm32h7xx_hal_msp.c"
  13              		.text
  14              	.Ltext0:
  15              		.cfi_sections	.debug_frame
  16              		.section	.text.HAL_MspInit,"ax",%progbits
  17              		.align	1
  18              		.global	HAL_MspInit
  19              		.arch armv7e-m
  20              		.syntax unified
  21              		.thumb
  22              		.thumb_func
  23              		.fpu fpv5-d16
  25              	HAL_MspInit:
  26              	.LFB144:
  27              		.file 1 "Core/Src/stm32h7xx_hal_msp.c"
   1:Core/Src/stm32h7xx_hal_msp.c **** /* USER CODE BEGIN Header */
   2:Core/Src/stm32h7xx_hal_msp.c **** /**
   3:Core/Src/stm32h7xx_hal_msp.c ****   ******************************************************************************
   4:Core/Src/stm32h7xx_hal_msp.c ****   * @file         stm32h7xx_hal_msp.c
   5:Core/Src/stm32h7xx_hal_msp.c ****   * @brief        This file provides code for the MSP Initialization
   6:Core/Src/stm32h7xx_hal_msp.c ****   *               and de-Initialization codes.
   7:Core/Src/stm32h7xx_hal_msp.c ****   ******************************************************************************
   8:Core/Src/stm32h7xx_hal_msp.c ****   * @attention
   9:Core/Src/stm32h7xx_hal_msp.c ****   *
  10:Core/Src/stm32h7xx_hal_msp.c ****   * <h2><center>&copy; Copyright (c) 2021 STMicroelectronics.
  11:Core/Src/stm32h7xx_hal_msp.c ****   * All rights reserved.</center></h2>
  12:Core/Src/stm32h7xx_hal_msp.c ****   *
  13:Core/Src/stm32h7xx_hal_msp.c ****   * This software component is licensed by ST under BSD 3-Clause license,
  14:Core/Src/stm32h7xx_hal_msp.c ****   * the "License"; You may not use this file except in compliance with the
  15:Core/Src/stm32h7xx_hal_msp.c ****   * License. You may obtain a copy of the License at:
  16:Core/Src/stm32h7xx_hal_msp.c ****   *                        opensource.org/licenses/BSD-3-Clause
  17:Core/Src/stm32h7xx_hal_msp.c ****   *
  18:Core/Src/stm32h7xx_hal_msp.c ****   ******************************************************************************
  19:Core/Src/stm32h7xx_hal_msp.c ****   */
  20:Core/Src/stm32h7xx_hal_msp.c **** /* USER CODE END Header */
  21:Core/Src/stm32h7xx_hal_msp.c **** 
  22:Core/Src/stm32h7xx_hal_msp.c **** /* Includes ------------------------------------------------------------------*/
  23:Core/Src/stm32h7xx_hal_msp.c **** #include "main.h"
  24:Core/Src/stm32h7xx_hal_msp.c **** /* USER CODE BEGIN Includes */
  25:Core/Src/stm32h7xx_hal_msp.c **** 
  26:Core/Src/stm32h7xx_hal_msp.c **** /* USER CODE END Includes */
  27:Core/Src/stm32h7xx_hal_msp.c **** 
  28:Core/Src/stm32h7xx_hal_msp.c **** /* Private typedef -----------------------------------------------------------*/
  29:Core/Src/stm32h7xx_hal_msp.c **** /* USER CODE BEGIN TD */
  30:Core/Src/stm32h7xx_hal_msp.c **** 
  31:Core/Src/stm32h7xx_hal_msp.c **** /* USER CODE END TD */
ARM GAS  C:\Users\jisu8\AppData\Local\Temp\ccLbNVYE.s 			page 2


  32:Core/Src/stm32h7xx_hal_msp.c **** 
  33:Core/Src/stm32h7xx_hal_msp.c **** /* Private define ------------------------------------------------------------*/
  34:Core/Src/stm32h7xx_hal_msp.c **** /* USER CODE BEGIN Define */
  35:Core/Src/stm32h7xx_hal_msp.c **** 
  36:Core/Src/stm32h7xx_hal_msp.c **** /* USER CODE END Define */
  37:Core/Src/stm32h7xx_hal_msp.c **** 
  38:Core/Src/stm32h7xx_hal_msp.c **** /* Private macro -------------------------------------------------------------*/
  39:Core/Src/stm32h7xx_hal_msp.c **** /* USER CODE BEGIN Macro */
  40:Core/Src/stm32h7xx_hal_msp.c **** 
  41:Core/Src/stm32h7xx_hal_msp.c **** /* USER CODE END Macro */
  42:Core/Src/stm32h7xx_hal_msp.c **** 
  43:Core/Src/stm32h7xx_hal_msp.c **** /* Private variables ---------------------------------------------------------*/
  44:Core/Src/stm32h7xx_hal_msp.c **** /* USER CODE BEGIN PV */
  45:Core/Src/stm32h7xx_hal_msp.c **** 
  46:Core/Src/stm32h7xx_hal_msp.c **** /* USER CODE END PV */
  47:Core/Src/stm32h7xx_hal_msp.c **** 
  48:Core/Src/stm32h7xx_hal_msp.c **** /* Private function prototypes -----------------------------------------------*/
  49:Core/Src/stm32h7xx_hal_msp.c **** /* USER CODE BEGIN PFP */
  50:Core/Src/stm32h7xx_hal_msp.c **** 
  51:Core/Src/stm32h7xx_hal_msp.c **** /* USER CODE END PFP */
  52:Core/Src/stm32h7xx_hal_msp.c **** 
  53:Core/Src/stm32h7xx_hal_msp.c **** /* External functions --------------------------------------------------------*/
  54:Core/Src/stm32h7xx_hal_msp.c **** /* USER CODE BEGIN ExternalFunctions */
  55:Core/Src/stm32h7xx_hal_msp.c **** 
  56:Core/Src/stm32h7xx_hal_msp.c **** /* USER CODE END ExternalFunctions */
  57:Core/Src/stm32h7xx_hal_msp.c **** 
  58:Core/Src/stm32h7xx_hal_msp.c **** /* USER CODE BEGIN 0 */
  59:Core/Src/stm32h7xx_hal_msp.c **** 
  60:Core/Src/stm32h7xx_hal_msp.c **** /* USER CODE END 0 */
  61:Core/Src/stm32h7xx_hal_msp.c **** /**
  62:Core/Src/stm32h7xx_hal_msp.c ****   * Initializes the Global MSP.
  63:Core/Src/stm32h7xx_hal_msp.c ****   */
  64:Core/Src/stm32h7xx_hal_msp.c **** void HAL_MspInit(void)
  65:Core/Src/stm32h7xx_hal_msp.c **** {
  28              		.loc 1 65 1 view -0
  29              		.cfi_startproc
  30              		@ args = 0, pretend = 0, frame = 8
  31              		@ frame_needed = 0, uses_anonymous_args = 0
  32              		@ link register save eliminated.
  33 0000 82B0     		sub	sp, sp, #8
  34              	.LCFI0:
  35              		.cfi_def_cfa_offset 8
  66:Core/Src/stm32h7xx_hal_msp.c ****   /* USER CODE BEGIN MspInit 0 */
  67:Core/Src/stm32h7xx_hal_msp.c **** 
  68:Core/Src/stm32h7xx_hal_msp.c ****   /* USER CODE END MspInit 0 */
  69:Core/Src/stm32h7xx_hal_msp.c **** 
  70:Core/Src/stm32h7xx_hal_msp.c ****   __HAL_RCC_SYSCFG_CLK_ENABLE();
  36              		.loc 1 70 3 view .LVU1
  37              	.LBB2:
  38              		.loc 1 70 3 view .LVU2
  39              		.loc 1 70 3 view .LVU3
  40 0002 074B     		ldr	r3, .L3
  41 0004 D3F8F420 		ldr	r2, [r3, #244]
  42 0008 42F00202 		orr	r2, r2, #2
  43 000c C3F8F420 		str	r2, [r3, #244]
  44              		.loc 1 70 3 view .LVU4
  45 0010 D3F8F430 		ldr	r3, [r3, #244]
ARM GAS  C:\Users\jisu8\AppData\Local\Temp\ccLbNVYE.s 			page 3


  46 0014 03F00203 		and	r3, r3, #2
  47 0018 0193     		str	r3, [sp, #4]
  48              		.loc 1 70 3 view .LVU5
  49 001a 019B     		ldr	r3, [sp, #4]
  50              	.LBE2:
  51              		.loc 1 70 3 view .LVU6
  71:Core/Src/stm32h7xx_hal_msp.c **** 
  72:Core/Src/stm32h7xx_hal_msp.c ****   /* System interrupt init*/
  73:Core/Src/stm32h7xx_hal_msp.c **** 
  74:Core/Src/stm32h7xx_hal_msp.c ****   /* USER CODE BEGIN MspInit 1 */
  75:Core/Src/stm32h7xx_hal_msp.c **** 
  76:Core/Src/stm32h7xx_hal_msp.c ****   /* USER CODE END MspInit 1 */
  77:Core/Src/stm32h7xx_hal_msp.c **** }
  52              		.loc 1 77 1 is_stmt 0 view .LVU7
  53 001c 02B0     		add	sp, sp, #8
  54              	.LCFI1:
  55              		.cfi_def_cfa_offset 0
  56              		@ sp needed
  57 001e 7047     		bx	lr
  58              	.L4:
  59              		.align	2
  60              	.L3:
  61 0020 00440258 		.word	1476543488
  62              		.cfi_endproc
  63              	.LFE144:
  65              		.section	.text.HAL_TIM_Base_MspInit,"ax",%progbits
  66              		.align	1
  67              		.global	HAL_TIM_Base_MspInit
  68              		.syntax unified
  69              		.thumb
  70              		.thumb_func
  71              		.fpu fpv5-d16
  73              	HAL_TIM_Base_MspInit:
  74              	.LVL0:
  75              	.LFB145:
  78:Core/Src/stm32h7xx_hal_msp.c **** 
  79:Core/Src/stm32h7xx_hal_msp.c **** /**
  80:Core/Src/stm32h7xx_hal_msp.c **** * @brief TIM_Base MSP Initialization
  81:Core/Src/stm32h7xx_hal_msp.c **** * This function configures the hardware resources used in this example
  82:Core/Src/stm32h7xx_hal_msp.c **** * @param htim_base: TIM_Base handle pointer
  83:Core/Src/stm32h7xx_hal_msp.c **** * @retval None
  84:Core/Src/stm32h7xx_hal_msp.c **** */
  85:Core/Src/stm32h7xx_hal_msp.c **** void HAL_TIM_Base_MspInit(TIM_HandleTypeDef* htim_base)
  86:Core/Src/stm32h7xx_hal_msp.c **** {
  76              		.loc 1 86 1 is_stmt 1 view -0
  77              		.cfi_startproc
  78              		@ args = 0, pretend = 0, frame = 8
  79              		@ frame_needed = 0, uses_anonymous_args = 0
  87:Core/Src/stm32h7xx_hal_msp.c ****   if(htim_base->Instance==TIM17)
  80              		.loc 1 87 3 view .LVU9
  81              		.loc 1 87 15 is_stmt 0 view .LVU10
  82 0000 0268     		ldr	r2, [r0]
  83              		.loc 1 87 5 view .LVU11
  84 0002 0F4B     		ldr	r3, .L12
  85 0004 9A42     		cmp	r2, r3
  86 0006 00D0     		beq	.L11
  87 0008 7047     		bx	lr
ARM GAS  C:\Users\jisu8\AppData\Local\Temp\ccLbNVYE.s 			page 4


  88              	.L11:
  86:Core/Src/stm32h7xx_hal_msp.c ****   if(htim_base->Instance==TIM17)
  89              		.loc 1 86 1 view .LVU12
  90 000a 00B5     		push	{lr}
  91              	.LCFI2:
  92              		.cfi_def_cfa_offset 4
  93              		.cfi_offset 14, -4
  94 000c 83B0     		sub	sp, sp, #12
  95              	.LCFI3:
  96              		.cfi_def_cfa_offset 16
  88:Core/Src/stm32h7xx_hal_msp.c ****   {
  89:Core/Src/stm32h7xx_hal_msp.c ****   /* USER CODE BEGIN TIM17_MspInit 0 */
  90:Core/Src/stm32h7xx_hal_msp.c **** 
  91:Core/Src/stm32h7xx_hal_msp.c ****   /* USER CODE END TIM17_MspInit 0 */
  92:Core/Src/stm32h7xx_hal_msp.c ****     /* Peripheral clock enable */
  93:Core/Src/stm32h7xx_hal_msp.c ****     __HAL_RCC_TIM17_CLK_ENABLE();
  97              		.loc 1 93 5 is_stmt 1 view .LVU13
  98              	.LBB3:
  99              		.loc 1 93 5 view .LVU14
 100              		.loc 1 93 5 view .LVU15
 101 000e 0D4B     		ldr	r3, .L12+4
 102 0010 D3F8F020 		ldr	r2, [r3, #240]
 103 0014 42F48022 		orr	r2, r2, #262144
 104 0018 C3F8F020 		str	r2, [r3, #240]
 105              		.loc 1 93 5 view .LVU16
 106 001c D3F8F030 		ldr	r3, [r3, #240]
 107 0020 03F48023 		and	r3, r3, #262144
 108 0024 0193     		str	r3, [sp, #4]
 109              		.loc 1 93 5 view .LVU17
 110 0026 019B     		ldr	r3, [sp, #4]
 111              	.LBE3:
 112              		.loc 1 93 5 view .LVU18
  94:Core/Src/stm32h7xx_hal_msp.c ****     /* TIM17 interrupt Init */
  95:Core/Src/stm32h7xx_hal_msp.c ****     HAL_NVIC_SetPriority(TIM17_IRQn, 0, 0);
 113              		.loc 1 95 5 view .LVU19
 114 0028 0022     		movs	r2, #0
 115 002a 1146     		mov	r1, r2
 116 002c 7620     		movs	r0, #118
 117              	.LVL1:
 118              		.loc 1 95 5 is_stmt 0 view .LVU20
 119 002e FFF7FEFF 		bl	HAL_NVIC_SetPriority
 120              	.LVL2:
  96:Core/Src/stm32h7xx_hal_msp.c ****     HAL_NVIC_EnableIRQ(TIM17_IRQn);
 121              		.loc 1 96 5 is_stmt 1 view .LVU21
 122 0032 7620     		movs	r0, #118
 123 0034 FFF7FEFF 		bl	HAL_NVIC_EnableIRQ
 124              	.LVL3:
  97:Core/Src/stm32h7xx_hal_msp.c ****   /* USER CODE BEGIN TIM17_MspInit 1 */
  98:Core/Src/stm32h7xx_hal_msp.c **** 
  99:Core/Src/stm32h7xx_hal_msp.c ****   /* USER CODE END TIM17_MspInit 1 */
 100:Core/Src/stm32h7xx_hal_msp.c ****   }
 101:Core/Src/stm32h7xx_hal_msp.c **** 
 102:Core/Src/stm32h7xx_hal_msp.c **** }
 125              		.loc 1 102 1 is_stmt 0 view .LVU22
 126 0038 03B0     		add	sp, sp, #12
 127              	.LCFI4:
 128              		.cfi_def_cfa_offset 4
ARM GAS  C:\Users\jisu8\AppData\Local\Temp\ccLbNVYE.s 			page 5


 129              		@ sp needed
 130 003a 5DF804FB 		ldr	pc, [sp], #4
 131              	.L13:
 132 003e 00BF     		.align	2
 133              	.L12:
 134 0040 00480140 		.word	1073825792
 135 0044 00440258 		.word	1476543488
 136              		.cfi_endproc
 137              	.LFE145:
 139              		.section	.text.HAL_TIM_Base_MspDeInit,"ax",%progbits
 140              		.align	1
 141              		.global	HAL_TIM_Base_MspDeInit
 142              		.syntax unified
 143              		.thumb
 144              		.thumb_func
 145              		.fpu fpv5-d16
 147              	HAL_TIM_Base_MspDeInit:
 148              	.LVL4:
 149              	.LFB146:
 103:Core/Src/stm32h7xx_hal_msp.c **** 
 104:Core/Src/stm32h7xx_hal_msp.c **** /**
 105:Core/Src/stm32h7xx_hal_msp.c **** * @brief TIM_Base MSP De-Initialization
 106:Core/Src/stm32h7xx_hal_msp.c **** * This function freeze the hardware resources used in this example
 107:Core/Src/stm32h7xx_hal_msp.c **** * @param htim_base: TIM_Base handle pointer
 108:Core/Src/stm32h7xx_hal_msp.c **** * @retval None
 109:Core/Src/stm32h7xx_hal_msp.c **** */
 110:Core/Src/stm32h7xx_hal_msp.c **** void HAL_TIM_Base_MspDeInit(TIM_HandleTypeDef* htim_base)
 111:Core/Src/stm32h7xx_hal_msp.c **** {
 150              		.loc 1 111 1 is_stmt 1 view -0
 151              		.cfi_startproc
 152              		@ args = 0, pretend = 0, frame = 0
 153              		@ frame_needed = 0, uses_anonymous_args = 0
 154              		.loc 1 111 1 is_stmt 0 view .LVU24
 155 0000 08B5     		push	{r3, lr}
 156              	.LCFI5:
 157              		.cfi_def_cfa_offset 8
 158              		.cfi_offset 3, -8
 159              		.cfi_offset 14, -4
 112:Core/Src/stm32h7xx_hal_msp.c ****   if(htim_base->Instance==TIM17)
 160              		.loc 1 112 3 is_stmt 1 view .LVU25
 161              		.loc 1 112 15 is_stmt 0 view .LVU26
 162 0002 0268     		ldr	r2, [r0]
 163              		.loc 1 112 5 view .LVU27
 164 0004 074B     		ldr	r3, .L18
 165 0006 9A42     		cmp	r2, r3
 166 0008 00D0     		beq	.L17
 167              	.LVL5:
 168              	.L14:
 113:Core/Src/stm32h7xx_hal_msp.c ****   {
 114:Core/Src/stm32h7xx_hal_msp.c ****   /* USER CODE BEGIN TIM17_MspDeInit 0 */
 115:Core/Src/stm32h7xx_hal_msp.c **** 
 116:Core/Src/stm32h7xx_hal_msp.c ****   /* USER CODE END TIM17_MspDeInit 0 */
 117:Core/Src/stm32h7xx_hal_msp.c ****     /* Peripheral clock disable */
 118:Core/Src/stm32h7xx_hal_msp.c ****     __HAL_RCC_TIM17_CLK_DISABLE();
 119:Core/Src/stm32h7xx_hal_msp.c **** 
 120:Core/Src/stm32h7xx_hal_msp.c ****     /* TIM17 interrupt DeInit */
 121:Core/Src/stm32h7xx_hal_msp.c ****     HAL_NVIC_DisableIRQ(TIM17_IRQn);
ARM GAS  C:\Users\jisu8\AppData\Local\Temp\ccLbNVYE.s 			page 6


 122:Core/Src/stm32h7xx_hal_msp.c ****   /* USER CODE BEGIN TIM17_MspDeInit 1 */
 123:Core/Src/stm32h7xx_hal_msp.c **** 
 124:Core/Src/stm32h7xx_hal_msp.c ****   /* USER CODE END TIM17_MspDeInit 1 */
 125:Core/Src/stm32h7xx_hal_msp.c ****   }
 126:Core/Src/stm32h7xx_hal_msp.c **** 
 127:Core/Src/stm32h7xx_hal_msp.c **** }
 169              		.loc 1 127 1 view .LVU28
 170 000a 08BD     		pop	{r3, pc}
 171              	.LVL6:
 172              	.L17:
 118:Core/Src/stm32h7xx_hal_msp.c **** 
 173              		.loc 1 118 5 is_stmt 1 view .LVU29
 174 000c 064A     		ldr	r2, .L18+4
 175 000e D2F8F030 		ldr	r3, [r2, #240]
 176 0012 23F48023 		bic	r3, r3, #262144
 177 0016 C2F8F030 		str	r3, [r2, #240]
 121:Core/Src/stm32h7xx_hal_msp.c ****   /* USER CODE BEGIN TIM17_MspDeInit 1 */
 178              		.loc 1 121 5 view .LVU30
 179 001a 7620     		movs	r0, #118
 180              	.LVL7:
 121:Core/Src/stm32h7xx_hal_msp.c ****   /* USER CODE BEGIN TIM17_MspDeInit 1 */
 181              		.loc 1 121 5 is_stmt 0 view .LVU31
 182 001c FFF7FEFF 		bl	HAL_NVIC_DisableIRQ
 183              	.LVL8:
 184              		.loc 1 127 1 view .LVU32
 185 0020 F3E7     		b	.L14
 186              	.L19:
 187 0022 00BF     		.align	2
 188              	.L18:
 189 0024 00480140 		.word	1073825792
 190 0028 00440258 		.word	1476543488
 191              		.cfi_endproc
 192              	.LFE146:
 194              		.text
 195              	.Letext0:
 196              		.file 2 "d:\\project_workspace\\tools\\arm_gcc_toolchain\\20_q4_major\\arm-none-eabi\\include\\mac
 197              		.file 3 "d:\\project_workspace\\tools\\arm_gcc_toolchain\\20_q4_major\\arm-none-eabi\\include\\sys
 198              		.file 4 "Drivers/CMSIS/Device/ST/STM32H7xx/Include/stm32h743xx.h"
 199              		.file 5 "Drivers/STM32H7xx_HAL_Driver/Inc/stm32h7xx_hal_def.h"
 200              		.file 6 "Drivers/STM32H7xx_HAL_Driver/Inc/stm32h7xx_hal_dma.h"
 201              		.file 7 "Drivers/STM32H7xx_HAL_Driver/Inc/stm32h7xx_hal_tim.h"
 202              		.file 8 "Drivers/STM32H7xx_HAL_Driver/Inc/stm32h7xx_hal_cortex.h"
ARM GAS  C:\Users\jisu8\AppData\Local\Temp\ccLbNVYE.s 			page 7


DEFINED SYMBOLS
                            *ABS*:00000000 stm32h7xx_hal_msp.c
C:\Users\jisu8\AppData\Local\Temp\ccLbNVYE.s:17     .text.HAL_MspInit:00000000 $t
C:\Users\jisu8\AppData\Local\Temp\ccLbNVYE.s:25     .text.HAL_MspInit:00000000 HAL_MspInit
C:\Users\jisu8\AppData\Local\Temp\ccLbNVYE.s:61     .text.HAL_MspInit:00000020 $d
C:\Users\jisu8\AppData\Local\Temp\ccLbNVYE.s:66     .text.HAL_TIM_Base_MspInit:00000000 $t
C:\Users\jisu8\AppData\Local\Temp\ccLbNVYE.s:73     .text.HAL_TIM_Base_MspInit:00000000 HAL_TIM_Base_MspInit
C:\Users\jisu8\AppData\Local\Temp\ccLbNVYE.s:134    .text.HAL_TIM_Base_MspInit:00000040 $d
C:\Users\jisu8\AppData\Local\Temp\ccLbNVYE.s:140    .text.HAL_TIM_Base_MspDeInit:00000000 $t
C:\Users\jisu8\AppData\Local\Temp\ccLbNVYE.s:147    .text.HAL_TIM_Base_MspDeInit:00000000 HAL_TIM_Base_MspDeInit
C:\Users\jisu8\AppData\Local\Temp\ccLbNVYE.s:189    .text.HAL_TIM_Base_MspDeInit:00000024 $d

UNDEFINED SYMBOLS
HAL_NVIC_SetPriority
HAL_NVIC_EnableIRQ
HAL_NVIC_DisableIRQ
